CRITICAL - 2022-02-01 19:09:05 --> Invalid file: layouts/components/sidebar.php
#0 E:\xampp\htdocs\app_laundry_laila\system\View\View.php(198): CodeIgniter\Exceptions\FrameworkException::forInvalidFile('layouts/compone...')
#1 E:\xampp\htdocs\app_laundry_laila\system\View\View.php(424): CodeIgniter\View\View->render('layouts/compone...', NULL, true)
#2 E:\xampp\htdocs\app_laundry_laila\app\Views\layouts\Admin.php(24): CodeIgniter\View\View->include('layouts/compone...')
#3 E:\xampp\htdocs\app_laundry_laila\system\View\View.php(210): include('E:\\xampp\\htdocs...')
#4 E:\xampp\htdocs\app_laundry_laila\system\View\View.php(213): CodeIgniter\View\View->CodeIgniter\View\{closure}()
#5 E:\xampp\htdocs\app_laundry_laila\system\View\View.php(226): CodeIgniter\View\View->render('layouts/admin', Array, true)
#6 E:\xampp\htdocs\app_laundry_laila\system\Common.php(1089): CodeIgniter\View\View->render('dashboard', Array, true)
#7 E:\xampp\htdocs\app_laundry_laila\app\Controllers\Home.php(13): view('dashboard')
#8 E:\xampp\htdocs\app_laundry_laila\system\CodeIgniter.php(825): App\Controllers\Home->dashboard()
#9 E:\xampp\htdocs\app_laundry_laila\system\CodeIgniter.php(412): CodeIgniter\CodeIgniter->runController(Object(App\Controllers\Home))
#10 E:\xampp\htdocs\app_laundry_laila\system\CodeIgniter.php(320): CodeIgniter\CodeIgniter->handleRequest(NULL, Object(Config\Cache), false)
#11 E:\xampp\htdocs\app_laundry_laila\public\index.php(37): CodeIgniter\CodeIgniter->run()
#12 E:\xampp\htdocs\app_laundry_laila\system\Commands\Server\rewrite.php(43): require_once('E:\\xampp\\htdocs...')
#13 {main}
CRITICAL - 2022-02-01 19:11:53 --> Invalid file: layouts/components/sidebar.php
#0 E:\xampp\htdocs\app_laundry_laila\system\View\View.php(198): CodeIgniter\Exceptions\FrameworkException::forInvalidFile('layouts/compone...')
#1 E:\xampp\htdocs\app_laundry_laila\system\View\View.php(424): CodeIgniter\View\View->render('layouts/compone...', NULL, true)
#2 E:\xampp\htdocs\app_laundry_laila\app\Views\layouts\Admin.php(24): CodeIgniter\View\View->include('layouts/compone...')
#3 E:\xampp\htdocs\app_laundry_laila\system\View\View.php(210): include('E:\\xampp\\htdocs...')
#4 E:\xampp\htdocs\app_laundry_laila\system\View\View.php(213): CodeIgniter\View\View->CodeIgniter\View\{closure}()
#5 E:\xampp\htdocs\app_laundry_laila\system\View\View.php(226): CodeIgniter\View\View->render('layouts/admin', Array, true)
#6 E:\xampp\htdocs\app_laundry_laila\system\Common.php(1089): CodeIgniter\View\View->render('dashboard', Array, true)
#7 E:\xampp\htdocs\app_laundry_laila\app\Controllers\Home.php(13): view('dashboard')
#8 E:\xampp\htdocs\app_laundry_laila\system\CodeIgniter.php(825): App\Controllers\Home->dashboard()
#9 E:\xampp\htdocs\app_laundry_laila\system\CodeIgniter.php(412): CodeIgniter\CodeIgniter->runController(Object(App\Controllers\Home))
#10 E:\xampp\htdocs\app_laundry_laila\system\CodeIgniter.php(320): CodeIgniter\CodeIgniter->handleRequest(NULL, Object(Config\Cache), false)
#11 E:\xampp\htdocs\app_laundry_laila\public\index.php(37): CodeIgniter\CodeIgniter->run()
#12 E:\xampp\htdocs\app_laundry_laila\system\Commands\Server\rewrite.php(43): require_once('E:\\xampp\\htdocs...')
#13 {main}
CRITICAL - 2022-02-01 19:12:08 --> Invalid file: layouts/components/sidebar.php
#0 E:\xampp\htdocs\app_laundry_laila\system\View\View.php(198): CodeIgniter\Exceptions\FrameworkException::forInvalidFile('layouts/compone...')
#1 E:\xampp\htdocs\app_laundry_laila\system\View\View.php(424): CodeIgniter\View\View->render('layouts/compone...', NULL, true)
#2 E:\xampp\htdocs\app_laundry_laila\app\Views\layouts\Admin.php(24): CodeIgniter\View\View->include('layouts/compone...')
#3 E:\xampp\htdocs\app_laundry_laila\system\View\View.php(210): include('E:\\xampp\\htdocs...')
#4 E:\xampp\htdocs\app_laundry_laila\system\View\View.php(213): CodeIgniter\View\View->CodeIgniter\View\{closure}()
#5 E:\xampp\htdocs\app_laundry_laila\system\View\View.php(226): CodeIgniter\View\View->render('layouts/admin', Array, true)
#6 E:\xampp\htdocs\app_laundry_laila\system\Common.php(1089): CodeIgniter\View\View->render('dashboard', Array, true)
#7 E:\xampp\htdocs\app_laundry_laila\app\Controllers\Home.php(13): view('dashboard')
#8 E:\xampp\htdocs\app_laundry_laila\system\CodeIgniter.php(825): App\Controllers\Home->dashboard()
#9 E:\xampp\htdocs\app_laundry_laila\system\CodeIgniter.php(412): CodeIgniter\CodeIgniter->runController(Object(App\Controllers\Home))
#10 E:\xampp\htdocs\app_laundry_laila\system\CodeIgniter.php(320): CodeIgniter\CodeIgniter->handleRequest(NULL, Object(Config\Cache), false)
#11 E:\xampp\htdocs\app_laundry_laila\public\index.php(37): CodeIgniter\CodeIgniter->run()
#12 E:\xampp\htdocs\app_laundry_laila\system\Commands\Server\rewrite.php(43): require_once('E:\\xampp\\htdocs...')
#13 {main}
CRITICAL - 2022-02-01 19:12:32 --> Invalid file: layouts/components/sidebar.php
#0 E:\xampp\htdocs\app_laundry_laila\system\View\View.php(198): CodeIgniter\Exceptions\FrameworkException::forInvalidFile('layouts/compone...')
#1 E:\xampp\htdocs\app_laundry_laila\system\View\View.php(424): CodeIgniter\View\View->render('layouts/compone...', NULL, true)
#2 E:\xampp\htdocs\app_laundry_laila\app\Views\layouts\Admin.php(24): CodeIgniter\View\View->include('layouts/compone...')
#3 E:\xampp\htdocs\app_laundry_laila\system\View\View.php(210): include('E:\\xampp\\htdocs...')
#4 E:\xampp\htdocs\app_laundry_laila\system\View\View.php(213): CodeIgniter\View\View->CodeIgniter\View\{closure}()
#5 E:\xampp\htdocs\app_laundry_laila\system\View\View.php(226): CodeIgniter\View\View->render('layouts/admin', Array, true)
#6 E:\xampp\htdocs\app_laundry_laila\system\Common.php(1089): CodeIgniter\View\View->render('dashboard', Array, true)
#7 E:\xampp\htdocs\app_laundry_laila\app\Controllers\Home.php(13): view('dashboard')
#8 E:\xampp\htdocs\app_laundry_laila\system\CodeIgniter.php(825): App\Controllers\Home->dashboard()
#9 E:\xampp\htdocs\app_laundry_laila\system\CodeIgniter.php(412): CodeIgniter\CodeIgniter->runController(Object(App\Controllers\Home))
#10 E:\xampp\htdocs\app_laundry_laila\system\CodeIgniter.php(320): CodeIgniter\CodeIgniter->handleRequest(NULL, Object(Config\Cache), false)
#11 E:\xampp\htdocs\app_laundry_laila\public\index.php(37): CodeIgniter\CodeIgniter->run()
#12 E:\xampp\htdocs\app_laundry_laila\system\Commands\Server\rewrite.php(43): require_once('E:\\xampp\\htdocs...')
#13 {main}
CRITICAL - 2022-02-01 19:13:01 --> Invalid file: layouts/components/sidebar.php
#0 E:\xampp\htdocs\app_laundry_laila\system\View\View.php(198): CodeIgniter\Exceptions\FrameworkException::forInvalidFile('layouts/compone...')
#1 E:\xampp\htdocs\app_laundry_laila\system\View\View.php(424): CodeIgniter\View\View->render('layouts/compone...', NULL, true)
#2 E:\xampp\htdocs\app_laundry_laila\app\Views\layouts\Admin.php(24): CodeIgniter\View\View->include('layouts/compone...')
#3 E:\xampp\htdocs\app_laundry_laila\system\View\View.php(210): include('E:\\xampp\\htdocs...')
#4 E:\xampp\htdocs\app_laundry_laila\system\View\View.php(213): CodeIgniter\View\View->CodeIgniter\View\{closure}()
#5 E:\xampp\htdocs\app_laundry_laila\system\View\View.php(226): CodeIgniter\View\View->render('layouts/admin', Array, true)
#6 E:\xampp\htdocs\app_laundry_laila\system\Common.php(1089): CodeIgniter\View\View->render('dashboard', Array, true)
#7 E:\xampp\htdocs\app_laundry_laila\app\Controllers\Home.php(13): view('dashboard')
#8 E:\xampp\htdocs\app_laundry_laila\system\CodeIgniter.php(825): App\Controllers\Home->dashboard()
#9 E:\xampp\htdocs\app_laundry_laila\system\CodeIgniter.php(412): CodeIgniter\CodeIgniter->runController(Object(App\Controllers\Home))
#10 E:\xampp\htdocs\app_laundry_laila\system\CodeIgniter.php(320): CodeIgniter\CodeIgniter->handleRequest(NULL, Object(Config\Cache), false)
#11 E:\xampp\htdocs\app_laundry_laila\public\index.php(37): CodeIgniter\CodeIgniter->run()
#12 E:\xampp\htdocs\app_laundry_laila\system\Commands\Server\rewrite.php(43): require_once('E:\\xampp\\htdocs...')
#13 {main}
CRITICAL - 2022-02-01 19:13:04 --> Invalid file: layouts/components/sidebar.php
#0 E:\xampp\htdocs\app_laundry_laila\system\View\View.php(198): CodeIgniter\Exceptions\FrameworkException::forInvalidFile('layouts/compone...')
#1 E:\xampp\htdocs\app_laundry_laila\system\View\View.php(424): CodeIgniter\View\View->render('layouts/compone...', NULL, true)
#2 E:\xampp\htdocs\app_laundry_laila\app\Views\layouts\Admin.php(24): CodeIgniter\View\View->include('layouts/compone...')
#3 E:\xampp\htdocs\app_laundry_laila\system\View\View.php(210): include('E:\\xampp\\htdocs...')
#4 E:\xampp\htdocs\app_laundry_laila\system\View\View.php(213): CodeIgniter\View\View->CodeIgniter\View\{closure}()
#5 E:\xampp\htdocs\app_laundry_laila\system\View\View.php(226): CodeIgniter\View\View->render('layouts/admin', Array, true)
#6 E:\xampp\htdocs\app_laundry_laila\system\Common.php(1089): CodeIgniter\View\View->render('dashboard', Array, true)
#7 E:\xampp\htdocs\app_laundry_laila\app\Controllers\Home.php(13): view('dashboard')
#8 E:\xampp\htdocs\app_laundry_laila\system\CodeIgniter.php(825): App\Controllers\Home->dashboard()
#9 E:\xampp\htdocs\app_laundry_laila\system\CodeIgniter.php(412): CodeIgniter\CodeIgniter->runController(Object(App\Controllers\Home))
#10 E:\xampp\htdocs\app_laundry_laila\system\CodeIgniter.php(320): CodeIgniter\CodeIgniter->handleRequest(NULL, Object(Config\Cache), false)
#11 E:\xampp\htdocs\app_laundry_laila\public\index.php(37): CodeIgniter\CodeIgniter->run()
#12 E:\xampp\htdocs\app_laundry_laila\system\Commands\Server\rewrite.php(43): require_once('E:\\xampp\\htdocs...')
#13 {main}
CRITICAL - 2022-02-01 19:13:04 --> Invalid file: layouts/components/sidebar.php
#0 E:\xampp\htdocs\app_laundry_laila\system\View\View.php(198): CodeIgniter\Exceptions\FrameworkException::forInvalidFile('layouts/compone...')
#1 E:\xampp\htdocs\app_laundry_laila\system\View\View.php(424): CodeIgniter\View\View->render('layouts/compone...', NULL, true)
#2 E:\xampp\htdocs\app_laundry_laila\app\Views\layouts\Admin.php(24): CodeIgniter\View\View->include('layouts/compone...')
#3 E:\xampp\htdocs\app_laundry_laila\system\View\View.php(210): include('E:\\xampp\\htdocs...')
#4 E:\xampp\htdocs\app_laundry_laila\system\View\View.php(213): CodeIgniter\View\View->CodeIgniter\View\{closure}()
#5 E:\xampp\htdocs\app_laundry_laila\system\View\View.php(226): CodeIgniter\View\View->render('layouts/admin', Array, true)
#6 E:\xampp\htdocs\app_laundry_laila\system\Common.php(1089): CodeIgniter\View\View->render('dashboard', Array, true)
#7 E:\xampp\htdocs\app_laundry_laila\app\Controllers\Home.php(13): view('dashboard')
#8 E:\xampp\htdocs\app_laundry_laila\system\CodeIgniter.php(825): App\Controllers\Home->dashboard()
#9 E:\xampp\htdocs\app_laundry_laila\system\CodeIgniter.php(412): CodeIgniter\CodeIgniter->runController(Object(App\Controllers\Home))
#10 E:\xampp\htdocs\app_laundry_laila\system\CodeIgniter.php(320): CodeIgniter\CodeIgniter->handleRequest(NULL, Object(Config\Cache), false)
#11 E:\xampp\htdocs\app_laundry_laila\public\index.php(37): CodeIgniter\CodeIgniter->run()
#12 E:\xampp\htdocs\app_laundry_laila\system\Commands\Server\rewrite.php(43): require_once('E:\\xampp\\htdocs...')
#13 {main}
CRITICAL - 2022-02-01 19:13:58 --> Invalid file: layouts/components/sidebar.php
#0 E:\xampp\htdocs\app_laundry_laila\system\View\View.php(198): CodeIgniter\Exceptions\FrameworkException::forInvalidFile('layouts/compone...')
#1 E:\xampp\htdocs\app_laundry_laila\system\View\View.php(424): CodeIgniter\View\View->render('layouts/compone...', NULL, true)
#2 E:\xampp\htdocs\app_laundry_laila\app\Views\layouts\Admin.php(24): CodeIgniter\View\View->include('layouts/compone...')
#3 E:\xampp\htdocs\app_laundry_laila\system\View\View.php(210): include('E:\\xampp\\htdocs...')
#4 E:\xampp\htdocs\app_laundry_laila\system\View\View.php(213): CodeIgniter\View\View->CodeIgniter\View\{closure}()
#5 E:\xampp\htdocs\app_laundry_laila\system\View\View.php(226): CodeIgniter\View\View->render('layouts/admin', Array, true)
#6 E:\xampp\htdocs\app_laundry_laila\system\Common.php(1089): CodeIgniter\View\View->render('dashboard', Array, true)
#7 E:\xampp\htdocs\app_laundry_laila\app\Controllers\Home.php(13): view('dashboard')
#8 E:\xampp\htdocs\app_laundry_laila\system\CodeIgniter.php(825): App\Controllers\Home->dashboard()
#9 E:\xampp\htdocs\app_laundry_laila\system\CodeIgniter.php(412): CodeIgniter\CodeIgniter->runController(Object(App\Controllers\Home))
#10 E:\xampp\htdocs\app_laundry_laila\system\CodeIgniter.php(320): CodeIgniter\CodeIgniter->handleRequest(NULL, Object(Config\Cache), false)
#11 E:\xampp\htdocs\app_laundry_laila\public\index.php(37): CodeIgniter\CodeIgniter->run()
#12 E:\xampp\htdocs\app_laundry_laila\system\Commands\Server\rewrite.php(43): require_once('E:\\xampp\\htdocs...')
#13 {main}
CRITICAL - 2022-02-01 20:28:45 --> Class 'App\Controller\BaseController' not found
#0 E:\xampp\htdocs\app_laundry_laila\system\Autoloader\Autoloader.php(264): include_once()
#1 E:\xampp\htdocs\app_laundry_laila\system\Autoloader\Autoloader.php(241): CodeIgniter\Autoloader\Autoloader->includeFile('E:\\xampp\\htdocs...')
#2 E:\xampp\htdocs\app_laundry_laila\system\Autoloader\Autoloader.php(219): CodeIgniter\Autoloader\Autoloader->loadInNamespace('App\\Controllers...')
#3 [internal function]: CodeIgniter\Autoloader\Autoloader->loadClass('App\\Controllers...')
#4 [internal function]: spl_autoload_call('App\\Controllers...')
#5 E:\xampp\htdocs\app_laundry_laila\system\CodeIgniter.php(790): class_exists('\\App\\Controller...', true)
#6 E:\xampp\htdocs\app_laundry_laila\system\CodeIgniter.php(399): CodeIgniter\CodeIgniter->startController()
#7 E:\xampp\htdocs\app_laundry_laila\system\CodeIgniter.php(320): CodeIgniter\CodeIgniter->handleRequest(NULL, Object(Config\Cache), false)
#8 E:\xampp\htdocs\app_laundry_laila\public\index.php(37): CodeIgniter\CodeIgniter->run()
#9 E:\xampp\htdocs\app_laundry_laila\system\Commands\Server\rewrite.php(43): require_once('E:\\xampp\\htdocs...')
#10 {main}
CRITICAL - 2022-02-01 20:30:16 --> Class 'App\Controller\BaseController' not found
#0 E:\xampp\htdocs\app_laundry_laila\system\Autoloader\Autoloader.php(264): include_once()
#1 E:\xampp\htdocs\app_laundry_laila\system\Autoloader\Autoloader.php(241): CodeIgniter\Autoloader\Autoloader->includeFile('E:\\xampp\\htdocs...')
#2 E:\xampp\htdocs\app_laundry_laila\system\Autoloader\Autoloader.php(219): CodeIgniter\Autoloader\Autoloader->loadInNamespace('App\\Controllers...')
#3 [internal function]: CodeIgniter\Autoloader\Autoloader->loadClass('App\\Controllers...')
#4 [internal function]: spl_autoload_call('App\\Controllers...')
#5 E:\xampp\htdocs\app_laundry_laila\system\CodeIgniter.php(790): class_exists('\\App\\Controller...', true)
#6 E:\xampp\htdocs\app_laundry_laila\system\CodeIgniter.php(399): CodeIgniter\CodeIgniter->startController()
#7 E:\xampp\htdocs\app_laundry_laila\system\CodeIgniter.php(320): CodeIgniter\CodeIgniter->handleRequest(NULL, Object(Config\Cache), false)
#8 E:\xampp\htdocs\app_laundry_laila\public\index.php(37): CodeIgniter\CodeIgniter->run()
#9 E:\xampp\htdocs\app_laundry_laila\system\Commands\Server\rewrite.php(43): require_once('E:\\xampp\\htdocs...')
#10 {main}
CRITICAL - 2022-02-01 20:33:06 --> Invalid file: DetailPesananList.php
#0 E:\xampp\htdocs\app_laundry_laila\system\View\View.php(198): CodeIgniter\Exceptions\FrameworkException::forInvalidFile('DetailPesananLi...')
#1 E:\xampp\htdocs\app_laundry_laila\system\Common.php(1089): CodeIgniter\View\View->render('DetailPesananLi...', Array, true)
#2 E:\xampp\htdocs\app_laundry_laila\app\Controllers\DetailPesananController.php(14): view('DetailPesananLi...', Array)
#3 E:\xampp\htdocs\app_laundry_laila\system\CodeIgniter.php(825): App\Controllers\DetailPesananController->tampil()
#4 E:\xampp\htdocs\app_laundry_laila\system\CodeIgniter.php(412): CodeIgniter\CodeIgniter->runController(Object(App\Controllers\DetailPesananController))
#5 E:\xampp\htdocs\app_laundry_laila\system\CodeIgniter.php(320): CodeIgniter\CodeIgniter->handleRequest(NULL, Object(Config\Cache), false)
#6 E:\xampp\htdocs\app_laundry_laila\public\index.php(37): CodeIgniter\CodeIgniter->run()
#7 E:\xampp\htdocs\app_laundry_laila\system\Commands\Server\rewrite.php(43): require_once('E:\\xampp\\htdocs...')
#8 {main}
CRITICAL - 2022-02-01 20:33:14 --> Invalid file: DetailPesananList.php
#0 E:\xampp\htdocs\app_laundry_laila\system\View\View.php(198): CodeIgniter\Exceptions\FrameworkException::forInvalidFile('DetailPesananLi...')
#1 E:\xampp\htdocs\app_laundry_laila\system\Common.php(1089): CodeIgniter\View\View->render('DetailPesananLi...', Array, true)
#2 E:\xampp\htdocs\app_laundry_laila\app\Controllers\DetailPesananController.php(14): view('DetailPesananLi...', Array)
#3 E:\xampp\htdocs\app_laundry_laila\system\CodeIgniter.php(825): App\Controllers\DetailPesananController->tampil()
#4 E:\xampp\htdocs\app_laundry_laila\system\CodeIgniter.php(412): CodeIgniter\CodeIgniter->runController(Object(App\Controllers\DetailPesananController))
#5 E:\xampp\htdocs\app_laundry_laila\system\CodeIgniter.php(320): CodeIgniter\CodeIgniter->handleRequest(NULL, Object(Config\Cache), false)
#6 E:\xampp\htdocs\app_laundry_laila\public\index.php(37): CodeIgniter\CodeIgniter->run()
#7 E:\xampp\htdocs\app_laundry_laila\system\Commands\Server\rewrite.php(43): require_once('E:\\xampp\\htdocs...')
#8 {main}
CRITICAL - 2022-02-01 20:34:31 --> Invalid file: DetailPesananList.php
#0 E:\xampp\htdocs\app_laundry_laila\system\View\View.php(198): CodeIgniter\Exceptions\FrameworkException::forInvalidFile('DetailPesananLi...')
#1 E:\xampp\htdocs\app_laundry_laila\system\Common.php(1089): CodeIgniter\View\View->render('DetailPesananLi...', Array, true)
#2 E:\xampp\htdocs\app_laundry_laila\app\Controllers\DetailPesananController.php(14): view('DetailPesananLi...', Array)
#3 E:\xampp\htdocs\app_laundry_laila\system\CodeIgniter.php(825): App\Controllers\DetailPesananController->tampil()
#4 E:\xampp\htdocs\app_laundry_laila\system\CodeIgniter.php(412): CodeIgniter\CodeIgniter->runController(Object(App\Controllers\DetailPesananController))
#5 E:\xampp\htdocs\app_laundry_laila\system\CodeIgniter.php(320): CodeIgniter\CodeIgniter->handleRequest(NULL, Object(Config\Cache), false)
#6 E:\xampp\htdocs\app_laundry_laila\public\index.php(37): CodeIgniter\CodeIgniter->run()
#7 E:\xampp\htdocs\app_laundry_laila\system\Commands\Server\rewrite.php(43): require_once('E:\\xampp\\htdocs...')
#8 {main}
CRITICAL - 2022-02-01 20:34:32 --> Invalid file: DetailPesananList.php
#0 E:\xampp\htdocs\app_laundry_laila\system\View\View.php(198): CodeIgniter\Exceptions\FrameworkException::forInvalidFile('DetailPesananLi...')
#1 E:\xampp\htdocs\app_laundry_laila\system\Common.php(1089): CodeIgniter\View\View->render('DetailPesananLi...', Array, true)
#2 E:\xampp\htdocs\app_laundry_laila\app\Controllers\DetailPesananController.php(14): view('DetailPesananLi...', Array)
#3 E:\xampp\htdocs\app_laundry_laila\system\CodeIgniter.php(825): App\Controllers\DetailPesananController->tampil()
#4 E:\xampp\htdocs\app_laundry_laila\system\CodeIgniter.php(412): CodeIgniter\CodeIgniter->runController(Object(App\Controllers\DetailPesananController))
#5 E:\xampp\htdocs\app_laundry_laila\system\CodeIgniter.php(320): CodeIgniter\CodeIgniter->handleRequest(NULL, Object(Config\Cache), false)
#6 E:\xampp\htdocs\app_laundry_laila\public\index.php(37): CodeIgniter\CodeIgniter->run()
#7 E:\xampp\htdocs\app_laundry_laila\system\Commands\Server\rewrite.php(43): require_once('E:\\xampp\\htdocs...')
#8 {main}
CRITICAL - 2022-02-01 20:36:38 --> Invalid file: DetailPesananList.php
#0 E:\xampp\htdocs\app_laundry_laila\system\View\View.php(198): CodeIgniter\Exceptions\FrameworkException::forInvalidFile('DetailPesananLi...')
#1 E:\xampp\htdocs\app_laundry_laila\system\Common.php(1089): CodeIgniter\View\View->render('DetailPesananLi...', Array, true)
#2 E:\xampp\htdocs\app_laundry_laila\app\Controllers\DetailPesananController.php(14): view('DetailPesananLi...', Array)
#3 E:\xampp\htdocs\app_laundry_laila\system\CodeIgniter.php(825): App\Controllers\DetailPesananController->tampil()
#4 E:\xampp\htdocs\app_laundry_laila\system\CodeIgniter.php(412): CodeIgniter\CodeIgniter->runController(Object(App\Controllers\DetailPesananController))
#5 E:\xampp\htdocs\app_laundry_laila\system\CodeIgniter.php(320): CodeIgniter\CodeIgniter->handleRequest(NULL, Object(Config\Cache), false)
#6 E:\xampp\htdocs\app_laundry_laila\public\index.php(37): CodeIgniter\CodeIgniter->run()
#7 E:\xampp\htdocs\app_laundry_laila\system\Commands\Server\rewrite.php(43): require_once('E:\\xampp\\htdocs...')
#8 {main}
CRITICAL - 2022-02-01 20:37:57 --> Invalid file: DetailPesananList.php
#0 E:\xampp\htdocs\app_laundry_laila\system\View\View.php(198): CodeIgniter\Exceptions\FrameworkException::forInvalidFile('DetailPesananLi...')
#1 E:\xampp\htdocs\app_laundry_laila\system\Common.php(1089): CodeIgniter\View\View->render('DetailPesananLi...', Array, true)
#2 E:\xampp\htdocs\app_laundry_laila\app\Controllers\DetailPesananController.php(14): view('DetailPesananLi...', Array)
#3 E:\xampp\htdocs\app_laundry_laila\system\CodeIgniter.php(825): App\Controllers\DetailPesananController->tampil()
#4 E:\xampp\htdocs\app_laundry_laila\system\CodeIgniter.php(412): CodeIgniter\CodeIgniter->runController(Object(App\Controllers\DetailPesananController))
#5 E:\xampp\htdocs\app_laundry_laila\system\CodeIgniter.php(320): CodeIgniter\CodeIgniter->handleRequest(NULL, Object(Config\Cache), false)
#6 E:\xampp\htdocs\app_laundry_laila\public\index.php(37): CodeIgniter\CodeIgniter->run()
#7 E:\xampp\htdocs\app_laundry_laila\system\Commands\Server\rewrite.php(43): require_once('E:\\xampp\\htdocs...')
#8 {main}
CRITICAL - 2022-02-01 20:37:59 --> Invalid file: DetailPesananList.php
#0 E:\xampp\htdocs\app_laundry_laila\system\View\View.php(198): CodeIgniter\Exceptions\FrameworkException::forInvalidFile('DetailPesananLi...')
#1 E:\xampp\htdocs\app_laundry_laila\system\Common.php(1089): CodeIgniter\View\View->render('DetailPesananLi...', Array, true)
#2 E:\xampp\htdocs\app_laundry_laila\app\Controllers\DetailPesananController.php(14): view('DetailPesananLi...', Array)
#3 E:\xampp\htdocs\app_laundry_laila\system\CodeIgniter.php(825): App\Controllers\DetailPesananController->tampil()
#4 E:\xampp\htdocs\app_laundry_laila\system\CodeIgniter.php(412): CodeIgniter\CodeIgniter->runController(Object(App\Controllers\DetailPesananController))
#5 E:\xampp\htdocs\app_laundry_laila\system\CodeIgniter.php(320): CodeIgniter\CodeIgniter->handleRequest(NULL, Object(Config\Cache), false)
#6 E:\xampp\htdocs\app_laundry_laila\public\index.php(37): CodeIgniter\CodeIgniter->run()
#7 E:\xampp\htdocs\app_laundry_laila\system\Commands\Server\rewrite.php(43): require_once('E:\\xampp\\htdocs...')
#8 {main}
CRITICAL - 2022-02-01 20:39:06 --> Invalid file: DetailPesananList.php
#0 E:\xampp\htdocs\app_laundry_laila\system\View\View.php(198): CodeIgniter\Exceptions\FrameworkException::forInvalidFile('DetailPesananLi...')
#1 E:\xampp\htdocs\app_laundry_laila\system\Common.php(1089): CodeIgniter\View\View->render('DetailPesananLi...', Array, true)
#2 E:\xampp\htdocs\app_laundry_laila\app\Controllers\DetailPesananController.php(14): view('DetailPesananLi...', Array)
#3 E:\xampp\htdocs\app_laundry_laila\system\CodeIgniter.php(825): App\Controllers\DetailPesananController->tampil()
#4 E:\xampp\htdocs\app_laundry_laila\system\CodeIgniter.php(412): CodeIgniter\CodeIgniter->runController(Object(App\Controllers\DetailPesananController))
#5 E:\xampp\htdocs\app_laundry_laila\system\CodeIgniter.php(320): CodeIgniter\CodeIgniter->handleRequest(NULL, Object(Config\Cache), false)
#6 E:\xampp\htdocs\app_laundry_laila\public\index.php(37): CodeIgniter\CodeIgniter->run()
#7 E:\xampp\htdocs\app_laundry_laila\system\Commands\Server\rewrite.php(43): require_once('E:\\xampp\\htdocs...')
#8 {main}
CRITICAL - 2022-02-01 20:39:08 --> Invalid file: DetailPesananList.php
#0 E:\xampp\htdocs\app_laundry_laila\system\View\View.php(198): CodeIgniter\Exceptions\FrameworkException::forInvalidFile('DetailPesananLi...')
#1 E:\xampp\htdocs\app_laundry_laila\system\Common.php(1089): CodeIgniter\View\View->render('DetailPesananLi...', Array, true)
#2 E:\xampp\htdocs\app_laundry_laila\app\Controllers\DetailPesananController.php(14): view('DetailPesananLi...', Array)
#3 E:\xampp\htdocs\app_laundry_laila\system\CodeIgniter.php(825): App\Controllers\DetailPesananController->tampil()
#4 E:\xampp\htdocs\app_laundry_laila\system\CodeIgniter.php(412): CodeIgniter\CodeIgniter->runController(Object(App\Controllers\DetailPesananController))
#5 E:\xampp\htdocs\app_laundry_laila\system\CodeIgniter.php(320): CodeIgniter\CodeIgniter->handleRequest(NULL, Object(Config\Cache), false)
#6 E:\xampp\htdocs\app_laundry_laila\public\index.php(37): CodeIgniter\CodeIgniter->run()
#7 E:\xampp\htdocs\app_laundry_laila\system\Commands\Server\rewrite.php(43): require_once('E:\\xampp\\htdocs...')
#8 {main}
CRITICAL - 2022-02-01 20:39:24 --> Invalid file: DetailPesananList.php
#0 E:\xampp\htdocs\app_laundry_laila\system\View\View.php(198): CodeIgniter\Exceptions\FrameworkException::forInvalidFile('DetailPesananLi...')
#1 E:\xampp\htdocs\app_laundry_laila\system\Common.php(1089): CodeIgniter\View\View->render('DetailPesananLi...', Array, true)
#2 E:\xampp\htdocs\app_laundry_laila\app\Controllers\DetailPesananController.php(14): view('DetailPesananLi...', Array)
#3 E:\xampp\htdocs\app_laundry_laila\system\CodeIgniter.php(825): App\Controllers\DetailPesananController->tampil()
#4 E:\xampp\htdocs\app_laundry_laila\system\CodeIgniter.php(412): CodeIgniter\CodeIgniter->runController(Object(App\Controllers\DetailPesananController))
#5 E:\xampp\htdocs\app_laundry_laila\system\CodeIgniter.php(320): CodeIgniter\CodeIgniter->handleRequest(NULL, Object(Config\Cache), false)
#6 E:\xampp\htdocs\app_laundry_laila\public\index.php(37): CodeIgniter\CodeIgniter->run()
#7 E:\xampp\htdocs\app_laundry_laila\system\Commands\Server\rewrite.php(43): require_once('E:\\xampp\\htdocs...')
#8 {main}
CRITICAL - 2022-02-01 20:39:26 --> Invalid file: DetailPesananList.php
#0 E:\xampp\htdocs\app_laundry_laila\system\View\View.php(198): CodeIgniter\Exceptions\FrameworkException::forInvalidFile('DetailPesananLi...')
#1 E:\xampp\htdocs\app_laundry_laila\system\Common.php(1089): CodeIgniter\View\View->render('DetailPesananLi...', Array, true)
#2 E:\xampp\htdocs\app_laundry_laila\app\Controllers\DetailPesananController.php(14): view('DetailPesananLi...', Array)
#3 E:\xampp\htdocs\app_laundry_laila\system\CodeIgniter.php(825): App\Controllers\DetailPesananController->tampil()
#4 E:\xampp\htdocs\app_laundry_laila\system\CodeIgniter.php(412): CodeIgniter\CodeIgniter->runController(Object(App\Controllers\DetailPesananController))
#5 E:\xampp\htdocs\app_laundry_laila\system\CodeIgniter.php(320): CodeIgniter\CodeIgniter->handleRequest(NULL, Object(Config\Cache), false)
#6 E:\xampp\htdocs\app_laundry_laila\public\index.php(37): CodeIgniter\CodeIgniter->run()
#7 E:\xampp\htdocs\app_laundry_laila\system\Commands\Server\rewrite.php(43): require_once('E:\\xampp\\htdocs...')
#8 {main}
CRITICAL - 2022-02-01 20:39:46 --> Invalid file: DetailPesananList.php
#0 E:\xampp\htdocs\app_laundry_laila\system\View\View.php(198): CodeIgniter\Exceptions\FrameworkException::forInvalidFile('DetailPesananLi...')
#1 E:\xampp\htdocs\app_laundry_laila\system\Common.php(1089): CodeIgniter\View\View->render('DetailPesananLi...', Array, true)
#2 E:\xampp\htdocs\app_laundry_laila\app\Controllers\DetailPesananController.php(14): view('DetailPesananLi...', Array)
#3 E:\xampp\htdocs\app_laundry_laila\system\CodeIgniter.php(825): App\Controllers\DetailPesananController->tampil()
#4 E:\xampp\htdocs\app_laundry_laila\system\CodeIgniter.php(412): CodeIgniter\CodeIgniter->runController(Object(App\Controllers\DetailPesananController))
#5 E:\xampp\htdocs\app_laundry_laila\system\CodeIgniter.php(320): CodeIgniter\CodeIgniter->handleRequest(NULL, Object(Config\Cache), false)
#6 E:\xampp\htdocs\app_laundry_laila\public\index.php(37): CodeIgniter\CodeIgniter->run()
#7 E:\xampp\htdocs\app_laundry_laila\system\Commands\Server\rewrite.php(43): require_once('E:\\xampp\\htdocs...')
#8 {main}
CRITICAL - 2022-02-01 20:40:38 --> Invalid file: DetailPesananList.php
#0 E:\xampp\htdocs\app_laundry_laila\system\View\View.php(198): CodeIgniter\Exceptions\FrameworkException::forInvalidFile('DetailPesananLi...')
#1 E:\xampp\htdocs\app_laundry_laila\system\Common.php(1089): CodeIgniter\View\View->render('DetailPesananLi...', Array, true)
#2 E:\xampp\htdocs\app_laundry_laila\app\Controllers\DetailPesananController.php(14): view('DetailPesananLi...', Array)
#3 E:\xampp\htdocs\app_laundry_laila\system\CodeIgniter.php(825): App\Controllers\DetailPesananController->tampil()
#4 E:\xampp\htdocs\app_laundry_laila\system\CodeIgniter.php(412): CodeIgniter\CodeIgniter->runController(Object(App\Controllers\DetailPesananController))
#5 E:\xampp\htdocs\app_laundry_laila\system\CodeIgniter.php(320): CodeIgniter\CodeIgniter->handleRequest(NULL, Object(Config\Cache), false)
#6 E:\xampp\htdocs\app_laundry_laila\public\index.php(37): CodeIgniter\CodeIgniter->run()
#7 E:\xampp\htdocs\app_laundry_laila\system\Commands\Server\rewrite.php(43): require_once('E:\\xampp\\htdocs...')
#8 {main}
