CRITICAL - 2022-02-28 20:08:01 --> Call to undefined function App\Controllers\getPost()
#0 E:\xampp\htdocs\app_caffe_lailatul\system\CodeIgniter.php(825): App\Controllers\MenuController->edit('$l')
#1 E:\xampp\htdocs\app_caffe_lailatul\system\CodeIgniter.php(412): CodeIgniter\CodeIgniter->runController(Object(App\Controllers\MenuController))
#2 E:\xampp\htdocs\app_caffe_lailatul\system\CodeIgniter.php(320): CodeIgniter\CodeIgniter->handleRequest(NULL, Object(Config\Cache), false)
#3 E:\xampp\htdocs\app_caffe_lailatul\public\index.php(37): CodeIgniter\CodeIgniter->run()
#4 E:\xampp\htdocs\app_caffe_lailatul\system\Commands\Server\rewrite.php(43): require_once('E:\\xampp\\htdocs...')
#5 {main}
CRITICAL - 2022-02-28 20:13:33 --> Call to undefined function App\Controllers\getPost()
#0 E:\xampp\htdocs\app_caffe_lailatul\system\CodeIgniter.php(825): App\Controllers\MenuController->edit('$l')
#1 E:\xampp\htdocs\app_caffe_lailatul\system\CodeIgniter.php(412): CodeIgniter\CodeIgniter->runController(Object(App\Controllers\MenuController))
#2 E:\xampp\htdocs\app_caffe_lailatul\system\CodeIgniter.php(320): CodeIgniter\CodeIgniter->handleRequest(NULL, Object(Config\Cache), false)
#3 E:\xampp\htdocs\app_caffe_lailatul\public\index.php(37): CodeIgniter\CodeIgniter->run()
#4 E:\xampp\htdocs\app_caffe_lailatul\system\Commands\Server\rewrite.php(43): require_once('E:\\xampp\\htdocs...')
#5 {main}
CRITICAL - 2022-02-28 20:40:30 --> syntax error, unexpected '}', expecting end of file
#0 E:\xampp\htdocs\app_caffe_lailatul\system\Autoloader\Autoloader.php(241): CodeIgniter\Autoloader\Autoloader->includeFile('E:\\xampp\\htdocs...')
#1 E:\xampp\htdocs\app_caffe_lailatul\system\Autoloader\Autoloader.php(219): CodeIgniter\Autoloader\Autoloader->loadInNamespace('App\\Controllers...')
#2 [internal function]: CodeIgniter\Autoloader\Autoloader->loadClass('App\\Controllers...')
#3 [internal function]: spl_autoload_call('App\\Controllers...')
#4 E:\xampp\htdocs\app_caffe_lailatul\system\CodeIgniter.php(790): class_exists('\\App\\Controller...', true)
#5 E:\xampp\htdocs\app_caffe_lailatul\system\CodeIgniter.php(399): CodeIgniter\CodeIgniter->startController()
#6 E:\xampp\htdocs\app_caffe_lailatul\system\CodeIgniter.php(320): CodeIgniter\CodeIgniter->handleRequest(NULL, Object(Config\Cache), false)
#7 E:\xampp\htdocs\app_caffe_lailatul\public\index.php(37): CodeIgniter\CodeIgniter->run()
#8 E:\xampp\htdocs\app_caffe_lailatul\system\Commands\Server\rewrite.php(43): require_once('E:\\xampp\\htdocs...')
#9 {main}
CRITICAL - 2022-02-28 20:45:13 --> Call to undefined function App\Controllers\getPost()
#0 E:\xampp\htdocs\app_caffe_lailatul\system\CodeIgniter.php(825): App\Controllers\MenuController->edit('$l')
#1 E:\xampp\htdocs\app_caffe_lailatul\system\CodeIgniter.php(412): CodeIgniter\CodeIgniter->runController(Object(App\Controllers\MenuController))
#2 E:\xampp\htdocs\app_caffe_lailatul\system\CodeIgniter.php(320): CodeIgniter\CodeIgniter->handleRequest(NULL, Object(Config\Cache), false)
#3 E:\xampp\htdocs\app_caffe_lailatul\public\index.php(37): CodeIgniter\CodeIgniter->run()
#4 E:\xampp\htdocs\app_caffe_lailatul\system\Commands\Server\rewrite.php(43): require_once('E:\\xampp\\htdocs...')
#5 {main}
ERROR - 2022-02-28 21:16:54 --> Column 'jenis' cannot be null
CRITICAL - 2022-02-28 21:16:54 --> Column 'jenis' cannot be null
#0 E:\xampp\htdocs\app_caffe_lailatul\system\Database\MySQLi\Connection.php(292): mysqli->query('INSERT INTO `tb...', 0)
#1 E:\xampp\htdocs\app_caffe_lailatul\system\Database\BaseConnection.php(670): CodeIgniter\Database\MySQLi\Connection->execute('INSERT INTO `tb...')
#2 E:\xampp\htdocs\app_caffe_lailatul\system\Database\BaseConnection.php(598): CodeIgniter\Database\BaseConnection->simpleQuery('INSERT INTO `tb...')
#3 E:\xampp\htdocs\app_caffe_lailatul\system\Database\BaseBuilder.php(1771): CodeIgniter\Database\BaseConnection->query('INSERT INTO `tb...', Array, false)
#4 E:\xampp\htdocs\app_caffe_lailatul\system\Model.php(239): CodeIgniter\Database\BaseBuilder->insert()
#5 E:\xampp\htdocs\app_caffe_lailatul\system\BaseModel.php(738): CodeIgniter\Model->doInsert(Array)
#6 E:\xampp\htdocs\app_caffe_lailatul\system\Model.php(625): CodeIgniter\BaseModel->insert(Array, true)
#7 E:\xampp\htdocs\app_caffe_lailatul\app\Controllers\MenuController.php(34): CodeIgniter\Model->insert(Array)
#8 E:\xampp\htdocs\app_caffe_lailatul\system\CodeIgniter.php(825): App\Controllers\MenuController->simpan()
#9 E:\xampp\htdocs\app_caffe_lailatul\system\CodeIgniter.php(412): CodeIgniter\CodeIgniter->runController(Object(App\Controllers\MenuController))
#10 E:\xampp\htdocs\app_caffe_lailatul\system\CodeIgniter.php(320): CodeIgniter\CodeIgniter->handleRequest(NULL, Object(Config\Cache), false)
#11 E:\xampp\htdocs\app_caffe_lailatul\public\index.php(37): CodeIgniter\CodeIgniter->run()
#12 E:\xampp\htdocs\app_caffe_lailatul\system\Commands\Server\rewrite.php(43): require_once('E:\\xampp\\htdocs...')
#13 {main}
ERROR - 2022-02-28 21:22:54 --> Column 'jenis' cannot be null
CRITICAL - 2022-02-28 21:22:54 --> Column 'jenis' cannot be null
#0 E:\xampp\htdocs\app_caffe_lailatul\system\Database\MySQLi\Connection.php(292): mysqli->query('INSERT INTO `tb...', 0)
#1 E:\xampp\htdocs\app_caffe_lailatul\system\Database\BaseConnection.php(670): CodeIgniter\Database\MySQLi\Connection->execute('INSERT INTO `tb...')
#2 E:\xampp\htdocs\app_caffe_lailatul\system\Database\BaseConnection.php(598): CodeIgniter\Database\BaseConnection->simpleQuery('INSERT INTO `tb...')
#3 E:\xampp\htdocs\app_caffe_lailatul\system\Database\BaseBuilder.php(1771): CodeIgniter\Database\BaseConnection->query('INSERT INTO `tb...', Array, false)
#4 E:\xampp\htdocs\app_caffe_lailatul\system\Model.php(239): CodeIgniter\Database\BaseBuilder->insert()
#5 E:\xampp\htdocs\app_caffe_lailatul\system\BaseModel.php(738): CodeIgniter\Model->doInsert(Array)
#6 E:\xampp\htdocs\app_caffe_lailatul\system\Model.php(625): CodeIgniter\BaseModel->insert(Array, true)
#7 E:\xampp\htdocs\app_caffe_lailatul\app\Controllers\MenuController.php(34): CodeIgniter\Model->insert(Array)
#8 E:\xampp\htdocs\app_caffe_lailatul\system\CodeIgniter.php(825): App\Controllers\MenuController->simpan()
#9 E:\xampp\htdocs\app_caffe_lailatul\system\CodeIgniter.php(412): CodeIgniter\CodeIgniter->runController(Object(App\Controllers\MenuController))
#10 E:\xampp\htdocs\app_caffe_lailatul\system\CodeIgniter.php(320): CodeIgniter\CodeIgniter->handleRequest(NULL, Object(Config\Cache), false)
#11 E:\xampp\htdocs\app_caffe_lailatul\public\index.php(37): CodeIgniter\CodeIgniter->run()
#12 E:\xampp\htdocs\app_caffe_lailatul\system\Commands\Server\rewrite.php(43): require_once('E:\\xampp\\htdocs...')
#13 {main}
CRITICAL - 2022-02-28 22:09:15 --> Undefined index: role
#0 E:\xampp\htdocs\app_caffe_lailatul\app\Views\MenuList.php(64): CodeIgniter\Debug\Exceptions->errorHandler(8, 'Undefined index...', 'E:\\xampp\\htdocs...', 64, Array)
#1 E:\xampp\htdocs\app_caffe_lailatul\system\View\View.php(210): include('E:\\xampp\\htdocs...')
#2 E:\xampp\htdocs\app_caffe_lailatul\system\View\View.php(213): CodeIgniter\View\View->CodeIgniter\View\{closure}()
#3 E:\xampp\htdocs\app_caffe_lailatul\system\Common.php(1089): CodeIgniter\View\View->render('MenuList', Array, true)
#4 E:\xampp\htdocs\app_caffe_lailatul\app\Controllers\MenuController.php(23): view('MenuList', Array)
#5 E:\xampp\htdocs\app_caffe_lailatul\system\CodeIgniter.php(825): App\Controllers\MenuController->tampil()
#6 E:\xampp\htdocs\app_caffe_lailatul\system\CodeIgniter.php(412): CodeIgniter\CodeIgniter->runController(Object(App\Controllers\MenuController))
#7 E:\xampp\htdocs\app_caffe_lailatul\system\CodeIgniter.php(320): CodeIgniter\CodeIgniter->handleRequest(NULL, Object(Config\Cache), false)
#8 E:\xampp\htdocs\app_caffe_lailatul\public\index.php(37): CodeIgniter\CodeIgniter->run()
#9 E:\xampp\htdocs\app_caffe_lailatul\system\Commands\Server\rewrite.php(43): require_once('E:\\xampp\\htdocs...')
#10 {main}
CRITICAL - 2022-02-28 22:09:21 --> Undefined index: role
#0 E:\xampp\htdocs\app_caffe_lailatul\app\Views\MenuList.php(64): CodeIgniter\Debug\Exceptions->errorHandler(8, 'Undefined index...', 'E:\\xampp\\htdocs...', 64, Array)
#1 E:\xampp\htdocs\app_caffe_lailatul\system\View\View.php(210): include('E:\\xampp\\htdocs...')
#2 E:\xampp\htdocs\app_caffe_lailatul\system\View\View.php(213): CodeIgniter\View\View->CodeIgniter\View\{closure}()
#3 E:\xampp\htdocs\app_caffe_lailatul\system\Common.php(1089): CodeIgniter\View\View->render('MenuList', Array, true)
#4 E:\xampp\htdocs\app_caffe_lailatul\app\Controllers\MenuController.php(23): view('MenuList', Array)
#5 E:\xampp\htdocs\app_caffe_lailatul\system\CodeIgniter.php(825): App\Controllers\MenuController->tampil()
#6 E:\xampp\htdocs\app_caffe_lailatul\system\CodeIgniter.php(412): CodeIgniter\CodeIgniter->runController(Object(App\Controllers\MenuController))
#7 E:\xampp\htdocs\app_caffe_lailatul\system\CodeIgniter.php(320): CodeIgniter\CodeIgniter->handleRequest(NULL, Object(Config\Cache), false)
#8 E:\xampp\htdocs\app_caffe_lailatul\public\index.php(37): CodeIgniter\CodeIgniter->run()
#9 E:\xampp\htdocs\app_caffe_lailatul\system\Commands\Server\rewrite.php(43): require_once('E:\\xampp\\htdocs...')
#10 {main}
CRITICAL - 2022-02-28 22:09:34 --> Undefined index: role
#0 E:\xampp\htdocs\app_caffe_lailatul\app\Views\MenuList.php(64): CodeIgniter\Debug\Exceptions->errorHandler(8, 'Undefined index...', 'E:\\xampp\\htdocs...', 64, Array)
#1 E:\xampp\htdocs\app_caffe_lailatul\system\View\View.php(210): include('E:\\xampp\\htdocs...')
#2 E:\xampp\htdocs\app_caffe_lailatul\system\View\View.php(213): CodeIgniter\View\View->CodeIgniter\View\{closure}()
#3 E:\xampp\htdocs\app_caffe_lailatul\system\Common.php(1089): CodeIgniter\View\View->render('MenuList', Array, true)
#4 E:\xampp\htdocs\app_caffe_lailatul\app\Controllers\MenuController.php(23): view('MenuList', Array)
#5 E:\xampp\htdocs\app_caffe_lailatul\system\CodeIgniter.php(825): App\Controllers\MenuController->tampil()
#6 E:\xampp\htdocs\app_caffe_lailatul\system\CodeIgniter.php(412): CodeIgniter\CodeIgniter->runController(Object(App\Controllers\MenuController))
#7 E:\xampp\htdocs\app_caffe_lailatul\system\CodeIgniter.php(320): CodeIgniter\CodeIgniter->handleRequest(NULL, Object(Config\Cache), false)
#8 E:\xampp\htdocs\app_caffe_lailatul\public\index.php(37): CodeIgniter\CodeIgniter->run()
#9 E:\xampp\htdocs\app_caffe_lailatul\system\Commands\Server\rewrite.php(43): require_once('E:\\xampp\\htdocs...')
#10 {main}
CRITICAL - 2022-02-28 22:33:38 --> Undefined index: $l
#0 E:\xampp\htdocs\app_caffe_lailatul\app\Controllers\PesananController.php(72): CodeIgniter\Debug\Exceptions->errorHandler(8, 'Undefined index...', 'E:\\xampp\\htdocs...', 72, Array)
#1 E:\xampp\htdocs\app_caffe_lailatul\app\Controllers\PesananController.php(81): App\Controllers\PesananController->cek('$l')
#2 E:\xampp\htdocs\app_caffe_lailatul\system\CodeIgniter.php(825): App\Controllers\PesananController->hapusCart('$l')
#3 E:\xampp\htdocs\app_caffe_lailatul\system\CodeIgniter.php(412): CodeIgniter\CodeIgniter->runController(Object(App\Controllers\PesananController))
#4 E:\xampp\htdocs\app_caffe_lailatul\system\CodeIgniter.php(320): CodeIgniter\CodeIgniter->handleRequest(NULL, Object(Config\Cache), false)
#5 E:\xampp\htdocs\app_caffe_lailatul\public\index.php(37): CodeIgniter\CodeIgniter->run()
#6 E:\xampp\htdocs\app_caffe_lailatul\system\Commands\Server\rewrite.php(43): require_once('E:\\xampp\\htdocs...')
#7 {main}
CRITICAL - 2022-02-28 22:35:24 --> Undefined offset: 1
#0 E:\xampp\htdocs\app_caffe_lailatul\app\Controllers\PesananController.php(72): CodeIgniter\Debug\Exceptions->errorHandler(8, 'Undefined offse...', 'E:\\xampp\\htdocs...', 72, Array)
#1 E:\xampp\htdocs\app_caffe_lailatul\app\Controllers\PesananController.php(81): App\Controllers\PesananController->cek('1')
#2 E:\xampp\htdocs\app_caffe_lailatul\system\CodeIgniter.php(825): App\Controllers\PesananController->hapusCart('1')
#3 E:\xampp\htdocs\app_caffe_lailatul\system\CodeIgniter.php(412): CodeIgniter\CodeIgniter->runController(Object(App\Controllers\PesananController))
#4 E:\xampp\htdocs\app_caffe_lailatul\system\CodeIgniter.php(320): CodeIgniter\CodeIgniter->handleRequest(NULL, Object(Config\Cache), false)
#5 E:\xampp\htdocs\app_caffe_lailatul\public\index.php(37): CodeIgniter\CodeIgniter->run()
#6 E:\xampp\htdocs\app_caffe_lailatul\system\Commands\Server\rewrite.php(43): require_once('E:\\xampp\\htdocs...')
#7 {main}
CRITICAL - 2022-02-28 22:35:55 --> Undefined offset: 1
#0 E:\xampp\htdocs\app_caffe_lailatul\app\Controllers\PesananController.php(72): CodeIgniter\Debug\Exceptions->errorHandler(8, 'Undefined offse...', 'E:\\xampp\\htdocs...', 72, Array)
#1 E:\xampp\htdocs\app_caffe_lailatul\app\Controllers\PesananController.php(81): App\Controllers\PesananController->cek('1')
#2 E:\xampp\htdocs\app_caffe_lailatul\system\CodeIgniter.php(825): App\Controllers\PesananController->hapusCart('1')
#3 E:\xampp\htdocs\app_caffe_lailatul\system\CodeIgniter.php(412): CodeIgniter\CodeIgniter->runController(Object(App\Controllers\PesananController))
#4 E:\xampp\htdocs\app_caffe_lailatul\system\CodeIgniter.php(320): CodeIgniter\CodeIgniter->handleRequest(NULL, Object(Config\Cache), false)
#5 E:\xampp\htdocs\app_caffe_lailatul\public\index.php(37): CodeIgniter\CodeIgniter->run()
#6 E:\xampp\htdocs\app_caffe_lailatul\system\Commands\Server\rewrite.php(43): require_once('E:\\xampp\\htdocs...')
#7 {main}
