CRITICAL - 2022-02-26 03:36:58 --> Invalid file: dashboard.php
#0 E:\xampp\htdocs\app_caffe_lailatul\system\View\View.php(198): CodeIgniter\Exceptions\FrameworkException::forInvalidFile('dashboard.php')
#1 E:\xampp\htdocs\app_caffe_lailatul\system\Common.php(1089): CodeIgniter\View\View->render('dashboard', Array, true)
#2 E:\xampp\htdocs\app_caffe_lailatul\app\Controllers\Home.php(13): view('dashboard')
#3 E:\xampp\htdocs\app_caffe_lailatul\system\CodeIgniter.php(825): App\Controllers\Home->dashboard()
#4 E:\xampp\htdocs\app_caffe_lailatul\system\CodeIgniter.php(412): CodeIgniter\CodeIgniter->runController(Object(App\Controllers\Home))
#5 E:\xampp\htdocs\app_caffe_lailatul\system\CodeIgniter.php(320): CodeIgniter\CodeIgniter->handleRequest(NULL, Object(Config\Cache), false)
#6 E:\xampp\htdocs\app_caffe_lailatul\public\index.php(37): CodeIgniter\CodeIgniter->run()
#7 E:\xampp\htdocs\app_caffe_lailatul\system\Commands\Server\rewrite.php(43): require_once('E:\\xampp\\htdocs...')
#8 {main}
CRITICAL - 2022-02-26 03:37:19 --> Invalid file: dashboard.php
#0 E:\xampp\htdocs\app_caffe_lailatul\system\View\View.php(198): CodeIgniter\Exceptions\FrameworkException::forInvalidFile('dashboard.php')
#1 E:\xampp\htdocs\app_caffe_lailatul\system\Common.php(1089): CodeIgniter\View\View->render('dashboard', Array, true)
#2 E:\xampp\htdocs\app_caffe_lailatul\app\Controllers\Home.php(13): view('dashboard')
#3 E:\xampp\htdocs\app_caffe_lailatul\system\CodeIgniter.php(825): App\Controllers\Home->dashboard()
#4 E:\xampp\htdocs\app_caffe_lailatul\system\CodeIgniter.php(412): CodeIgniter\CodeIgniter->runController(Object(App\Controllers\Home))
#5 E:\xampp\htdocs\app_caffe_lailatul\system\CodeIgniter.php(320): CodeIgniter\CodeIgniter->handleRequest(NULL, Object(Config\Cache), false)
#6 E:\xampp\htdocs\app_caffe_lailatul\public\index.php(37): CodeIgniter\CodeIgniter->run()
#7 E:\xampp\htdocs\app_caffe_lailatul\system\Commands\Server\rewrite.php(43): require_once('E:\\xampp\\htdocs...')
#8 {main}
