CRITICAL - 2022-02-10 03:01:27 --> Allowed fields must be specified for model: App\Models\DetailPesananModel
#0 E:\xampp\htdocs\app_caffe_laila\system\BaseModel.php(1138): CodeIgniter\Database\Exceptions\DataException::forInvalidAllowedFields('App\\Models\\Deta...')
#1 E:\xampp\htdocs\app_caffe_laila\system\BaseModel.php(713): CodeIgniter\BaseModel->doProtectFields(Array)
#2 E:\xampp\htdocs\app_caffe_laila\system\Model.php(625): CodeIgniter\BaseModel->insert(Array, true)
#3 E:\xampp\htdocs\app_caffe_laila\app\Controllers\DetailPesananController.php(34): CodeIgniter\Model->insert(Array)
#4 E:\xampp\htdocs\app_caffe_laila\system\CodeIgniter.php(825): App\Controllers\DetailPesananController->simpan()
#5 E:\xampp\htdocs\app_caffe_laila\system\CodeIgniter.php(412): CodeIgniter\CodeIgniter->runController(Object(App\Controllers\DetailPesananController))
#6 E:\xampp\htdocs\app_caffe_laila\system\CodeIgniter.php(320): CodeIgniter\CodeIgniter->handleRequest(NULL, Object(Config\Cache), false)
#7 E:\xampp\htdocs\app_caffe_laila\public\index.php(37): CodeIgniter\CodeIgniter->run()
#8 E:\xampp\htdocs\app_caffe_laila\system\Commands\Server\rewrite.php(43): require_once('E:\\xampp\\htdocs...')
#9 {main}
CRITICAL - 2022-02-10 03:02:52 --> Allowed fields must be specified for model: App\Models\DetailPesananModel
#0 E:\xampp\htdocs\app_caffe_laila\system\BaseModel.php(1138): CodeIgniter\Database\Exceptions\DataException::forInvalidAllowedFields('App\\Models\\Deta...')
#1 E:\xampp\htdocs\app_caffe_laila\system\BaseModel.php(713): CodeIgniter\BaseModel->doProtectFields(Array)
#2 E:\xampp\htdocs\app_caffe_laila\system\Model.php(625): CodeIgniter\BaseModel->insert(Array, true)
#3 E:\xampp\htdocs\app_caffe_laila\app\Controllers\DetailPesananController.php(34): CodeIgniter\Model->insert(Array)
#4 E:\xampp\htdocs\app_caffe_laila\system\CodeIgniter.php(825): App\Controllers\DetailPesananController->simpan()
#5 E:\xampp\htdocs\app_caffe_laila\system\CodeIgniter.php(412): CodeIgniter\CodeIgniter->runController(Object(App\Controllers\DetailPesananController))
#6 E:\xampp\htdocs\app_caffe_laila\system\CodeIgniter.php(320): CodeIgniter\CodeIgniter->handleRequest(NULL, Object(Config\Cache), false)
#7 E:\xampp\htdocs\app_caffe_laila\public\index.php(37): CodeIgniter\CodeIgniter->run()
#8 E:\xampp\htdocs\app_caffe_laila\system\Commands\Server\rewrite.php(43): require_once('E:\\xampp\\htdocs...')
#9 {main}
CRITICAL - 2022-02-10 03:03:36 --> Allowed fields must be specified for model: App\Models\DetailPesananModel
#0 E:\xampp\htdocs\app_caffe_laila\system\BaseModel.php(1138): CodeIgniter\Database\Exceptions\DataException::forInvalidAllowedFields('App\\Models\\Deta...')
#1 E:\xampp\htdocs\app_caffe_laila\system\BaseModel.php(713): CodeIgniter\BaseModel->doProtectFields(Array)
#2 E:\xampp\htdocs\app_caffe_laila\system\Model.php(625): CodeIgniter\BaseModel->insert(Array, true)
#3 E:\xampp\htdocs\app_caffe_laila\app\Controllers\DetailPesananController.php(34): CodeIgniter\Model->insert(Array)
#4 E:\xampp\htdocs\app_caffe_laila\system\CodeIgniter.php(825): App\Controllers\DetailPesananController->simpan()
#5 E:\xampp\htdocs\app_caffe_laila\system\CodeIgniter.php(412): CodeIgniter\CodeIgniter->runController(Object(App\Controllers\DetailPesananController))
#6 E:\xampp\htdocs\app_caffe_laila\system\CodeIgniter.php(320): CodeIgniter\CodeIgniter->handleRequest(NULL, Object(Config\Cache), false)
#7 E:\xampp\htdocs\app_caffe_laila\public\index.php(37): CodeIgniter\CodeIgniter->run()
#8 E:\xampp\htdocs\app_caffe_laila\system\Commands\Server\rewrite.php(43): require_once('E:\\xampp\\htdocs...')
#9 {main}
CRITICAL - 2022-02-10 03:03:47 --> Allowed fields must be specified for model: App\Models\DetailPesananModel
#0 E:\xampp\htdocs\app_caffe_laila\system\BaseModel.php(1138): CodeIgniter\Database\Exceptions\DataException::forInvalidAllowedFields('App\\Models\\Deta...')
#1 E:\xampp\htdocs\app_caffe_laila\system\BaseModel.php(713): CodeIgniter\BaseModel->doProtectFields(Array)
#2 E:\xampp\htdocs\app_caffe_laila\system\Model.php(625): CodeIgniter\BaseModel->insert(Array, true)
#3 E:\xampp\htdocs\app_caffe_laila\app\Controllers\DetailPesananController.php(34): CodeIgniter\Model->insert(Array)
#4 E:\xampp\htdocs\app_caffe_laila\system\CodeIgniter.php(825): App\Controllers\DetailPesananController->simpan()
#5 E:\xampp\htdocs\app_caffe_laila\system\CodeIgniter.php(412): CodeIgniter\CodeIgniter->runController(Object(App\Controllers\DetailPesananController))
#6 E:\xampp\htdocs\app_caffe_laila\system\CodeIgniter.php(320): CodeIgniter\CodeIgniter->handleRequest(NULL, Object(Config\Cache), false)
#7 E:\xampp\htdocs\app_caffe_laila\public\index.php(37): CodeIgniter\CodeIgniter->run()
#8 E:\xampp\htdocs\app_caffe_laila\system\Commands\Server\rewrite.php(43): require_once('E:\\xampp\\htdocs...')
#9 {main}
CRITICAL - 2022-02-10 03:05:17 --> Allowed fields must be specified for model: App\Models\DetailPesananModel
#0 E:\xampp\htdocs\app_caffe_laila\system\BaseModel.php(1138): CodeIgniter\Database\Exceptions\DataException::forInvalidAllowedFields('App\\Models\\Deta...')
#1 E:\xampp\htdocs\app_caffe_laila\system\BaseModel.php(713): CodeIgniter\BaseModel->doProtectFields(Array)
#2 E:\xampp\htdocs\app_caffe_laila\system\Model.php(625): CodeIgniter\BaseModel->insert(Array, true)
#3 E:\xampp\htdocs\app_caffe_laila\app\Controllers\DetailPesananController.php(34): CodeIgniter\Model->insert(Array)
#4 E:\xampp\htdocs\app_caffe_laila\system\CodeIgniter.php(825): App\Controllers\DetailPesananController->simpan()
#5 E:\xampp\htdocs\app_caffe_laila\system\CodeIgniter.php(412): CodeIgniter\CodeIgniter->runController(Object(App\Controllers\DetailPesananController))
#6 E:\xampp\htdocs\app_caffe_laila\system\CodeIgniter.php(320): CodeIgniter\CodeIgniter->handleRequest(NULL, Object(Config\Cache), false)
#7 E:\xampp\htdocs\app_caffe_laila\public\index.php(37): CodeIgniter\CodeIgniter->run()
#8 E:\xampp\htdocs\app_caffe_laila\system\Commands\Server\rewrite.php(43): require_once('E:\\xampp\\htdocs...')
#9 {main}
ERROR - 2022-02-10 03:05:25 --> Table 'db_caffe_lailatul.tb_detailpesanan' doesn't exist
CRITICAL - 2022-02-10 03:05:25 --> Table 'db_caffe_lailatul.tb_detailpesanan' doesn't exist
#0 E:\xampp\htdocs\app_caffe_laila\system\Database\MySQLi\Connection.php(292): mysqli->query('SELECT *\nFROM `...', 0)
#1 E:\xampp\htdocs\app_caffe_laila\system\Database\BaseConnection.php(670): CodeIgniter\Database\MySQLi\Connection->execute('SELECT *\nFROM `...')
#2 E:\xampp\htdocs\app_caffe_laila\system\Database\BaseConnection.php(598): CodeIgniter\Database\BaseConnection->simpleQuery('SELECT *\nFROM `...')
#3 E:\xampp\htdocs\app_caffe_laila\system\Database\BaseBuilder.php(1455): CodeIgniter\Database\BaseConnection->query('SELECT *\nFROM `...', Array, false)
#4 E:\xampp\htdocs\app_caffe_laila\system\Model.php(183): CodeIgniter\Database\BaseBuilder->get()
#5 E:\xampp\htdocs\app_caffe_laila\system\BaseModel.php(584): CodeIgniter\Model->doFindAll(0, 0)
#6 E:\xampp\htdocs\app_caffe_laila\app\Controllers\DetailPesananController.php(23): CodeIgniter\BaseModel->findAll()
#7 E:\xampp\htdocs\app_caffe_laila\system\CodeIgniter.php(825): App\Controllers\DetailPesananController->tampil()
#8 E:\xampp\htdocs\app_caffe_laila\system\CodeIgniter.php(412): CodeIgniter\CodeIgniter->runController(Object(App\Controllers\DetailPesananController))
#9 E:\xampp\htdocs\app_caffe_laila\system\CodeIgniter.php(320): CodeIgniter\CodeIgniter->handleRequest(NULL, Object(Config\Cache), false)
#10 E:\xampp\htdocs\app_caffe_laila\public\index.php(37): CodeIgniter\CodeIgniter->run()
#11 E:\xampp\htdocs\app_caffe_laila\system\Commands\Server\rewrite.php(43): require_once('E:\\xampp\\htdocs...')
#12 {main}
ERROR - 2022-02-10 03:05:59 --> Table 'db_caffe_lailatul.tb_detailp_esanan' doesn't exist
CRITICAL - 2022-02-10 03:05:59 --> Table 'db_caffe_lailatul.tb_detailp_esanan' doesn't exist
#0 E:\xampp\htdocs\app_caffe_laila\system\Database\MySQLi\Connection.php(292): mysqli->query('SELECT *\nFROM `...', 0)
#1 E:\xampp\htdocs\app_caffe_laila\system\Database\BaseConnection.php(670): CodeIgniter\Database\MySQLi\Connection->execute('SELECT *\nFROM `...')
#2 E:\xampp\htdocs\app_caffe_laila\system\Database\BaseConnection.php(598): CodeIgniter\Database\BaseConnection->simpleQuery('SELECT *\nFROM `...')
#3 E:\xampp\htdocs\app_caffe_laila\system\Database\BaseBuilder.php(1455): CodeIgniter\Database\BaseConnection->query('SELECT *\nFROM `...', Array, false)
#4 E:\xampp\htdocs\app_caffe_laila\system\Model.php(183): CodeIgniter\Database\BaseBuilder->get()
#5 E:\xampp\htdocs\app_caffe_laila\system\BaseModel.php(584): CodeIgniter\Model->doFindAll(0, 0)
#6 E:\xampp\htdocs\app_caffe_laila\app\Controllers\DetailPesananController.php(23): CodeIgniter\BaseModel->findAll()
#7 E:\xampp\htdocs\app_caffe_laila\system\CodeIgniter.php(825): App\Controllers\DetailPesananController->tampil()
#8 E:\xampp\htdocs\app_caffe_laila\system\CodeIgniter.php(412): CodeIgniter\CodeIgniter->runController(Object(App\Controllers\DetailPesananController))
#9 E:\xampp\htdocs\app_caffe_laila\system\CodeIgniter.php(320): CodeIgniter\CodeIgniter->handleRequest(NULL, Object(Config\Cache), false)
#10 E:\xampp\htdocs\app_caffe_laila\public\index.php(37): CodeIgniter\CodeIgniter->run()
#11 E:\xampp\htdocs\app_caffe_laila\system\Commands\Server\rewrite.php(43): require_once('E:\\xampp\\htdocs...')
#12 {main}
CRITICAL - 2022-02-10 03:20:19 --> Call to undefined function App\Controllers\getPost()
#0 E:\xampp\htdocs\app_caffe_laila\system\CodeIgniter.php(825): App\Controllers\MenuController->edit('$l')
#1 E:\xampp\htdocs\app_caffe_laila\system\CodeIgniter.php(412): CodeIgniter\CodeIgniter->runController(Object(App\Controllers\MenuController))
#2 E:\xampp\htdocs\app_caffe_laila\system\CodeIgniter.php(320): CodeIgniter\CodeIgniter->handleRequest(NULL, Object(Config\Cache), false)
#3 E:\xampp\htdocs\app_caffe_laila\public\index.php(37): CodeIgniter\CodeIgniter->run()
#4 E:\xampp\htdocs\app_caffe_laila\system\Commands\Server\rewrite.php(43): require_once('E:\\xampp\\htdocs...')
#5 {main}
CRITICAL - 2022-02-10 03:24:38 --> Call to undefined function App\Controllers\getPost()
#0 E:\xampp\htdocs\app_caffe_laila\system\CodeIgniter.php(825): App\Controllers\MenuController->edit('$l')
#1 E:\xampp\htdocs\app_caffe_laila\system\CodeIgniter.php(412): CodeIgniter\CodeIgniter->runController(Object(App\Controllers\MenuController))
#2 E:\xampp\htdocs\app_caffe_laila\system\CodeIgniter.php(320): CodeIgniter\CodeIgniter->handleRequest(NULL, Object(Config\Cache), false)
#3 E:\xampp\htdocs\app_caffe_laila\public\index.php(37): CodeIgniter\CodeIgniter->run()
#4 E:\xampp\htdocs\app_caffe_laila\system\Commands\Server\rewrite.php(43): require_once('E:\\xampp\\htdocs...')
#5 {main}
CRITICAL - 2022-02-10 03:25:43 --> Call to undefined function App\Controllers\getPost()
#0 E:\xampp\htdocs\app_caffe_laila\system\CodeIgniter.php(825): App\Controllers\MenuController->edit('$l')
#1 E:\xampp\htdocs\app_caffe_laila\system\CodeIgniter.php(412): CodeIgniter\CodeIgniter->runController(Object(App\Controllers\MenuController))
#2 E:\xampp\htdocs\app_caffe_laila\system\CodeIgniter.php(320): CodeIgniter\CodeIgniter->handleRequest(NULL, Object(Config\Cache), false)
#3 E:\xampp\htdocs\app_caffe_laila\public\index.php(37): CodeIgniter\CodeIgniter->run()
#4 E:\xampp\htdocs\app_caffe_laila\system\Commands\Server\rewrite.php(43): require_once('E:\\xampp\\htdocs...')
#5 {main}
CRITICAL - 2022-02-10 03:26:38 --> Call to undefined function App\Controllers\getPost()
#0 E:\xampp\htdocs\app_caffe_laila\system\CodeIgniter.php(825): App\Controllers\MenuController->edit('$l')
#1 E:\xampp\htdocs\app_caffe_laila\system\CodeIgniter.php(412): CodeIgniter\CodeIgniter->runController(Object(App\Controllers\MenuController))
#2 E:\xampp\htdocs\app_caffe_laila\system\CodeIgniter.php(320): CodeIgniter\CodeIgniter->handleRequest(NULL, Object(Config\Cache), false)
#3 E:\xampp\htdocs\app_caffe_laila\public\index.php(37): CodeIgniter\CodeIgniter->run()
#4 E:\xampp\htdocs\app_caffe_laila\system\Commands\Server\rewrite.php(43): require_once('E:\\xampp\\htdocs...')
#5 {main}
CRITICAL - 2022-02-10 03:28:23 --> Call to undefined function App\Controllers\getPost()
#0 E:\xampp\htdocs\app_caffe_laila\system\CodeIgniter.php(825): App\Controllers\MenuController->edit('$l')
#1 E:\xampp\htdocs\app_caffe_laila\system\CodeIgniter.php(412): CodeIgniter\CodeIgniter->runController(Object(App\Controllers\MenuController))
#2 E:\xampp\htdocs\app_caffe_laila\system\CodeIgniter.php(320): CodeIgniter\CodeIgniter->handleRequest(NULL, Object(Config\Cache), false)
#3 E:\xampp\htdocs\app_caffe_laila\public\index.php(37): CodeIgniter\CodeIgniter->run()
#4 E:\xampp\htdocs\app_caffe_laila\system\Commands\Server\rewrite.php(43): require_once('E:\\xampp\\htdocs...')
#5 {main}
CRITICAL - 2022-02-10 03:36:23 --> password_hash() expects at least 2 parameters, 1 given
#0 [internal function]: CodeIgniter\Debug\Exceptions->errorHandler(2, 'password_hash()...', 'E:\\xampp\\htdocs...', 57, Array)
#1 E:\xampp\htdocs\app_caffe_laila\app\Controllers\UserController.php(57): password_hash('$2y$10$jiVwKa3L...')
#2 E:\xampp\htdocs\app_caffe_laila\system\CodeIgniter.php(825): App\Controllers\UserController->edit('$l')
#3 E:\xampp\htdocs\app_caffe_laila\system\CodeIgniter.php(412): CodeIgniter\CodeIgniter->runController(Object(App\Controllers\UserController))
#4 E:\xampp\htdocs\app_caffe_laila\system\CodeIgniter.php(320): CodeIgniter\CodeIgniter->handleRequest(NULL, Object(Config\Cache), false)
#5 E:\xampp\htdocs\app_caffe_laila\public\index.php(37): CodeIgniter\CodeIgniter->run()
#6 E:\xampp\htdocs\app_caffe_laila\system\Commands\Server\rewrite.php(43): require_once('E:\\xampp\\htdocs...')
#7 {main}
CRITICAL - 2022-02-10 03:37:02 --> Call to undefined function App\Controllers\getPost()
#0 E:\xampp\htdocs\app_caffe_laila\system\CodeIgniter.php(825): App\Controllers\MenuController->edit('$l')
#1 E:\xampp\htdocs\app_caffe_laila\system\CodeIgniter.php(412): CodeIgniter\CodeIgniter->runController(Object(App\Controllers\MenuController))
#2 E:\xampp\htdocs\app_caffe_laila\system\CodeIgniter.php(320): CodeIgniter\CodeIgniter->handleRequest(NULL, Object(Config\Cache), false)
#3 E:\xampp\htdocs\app_caffe_laila\public\index.php(37): CodeIgniter\CodeIgniter->run()
#4 E:\xampp\htdocs\app_caffe_laila\system\Commands\Server\rewrite.php(43): require_once('E:\\xampp\\htdocs...')
#5 {main}
CRITICAL - 2022-02-10 07:59:29 --> Call to undefined function App\Controllers\getPost()
#0 E:\xampp\htdocs\app_caffe_laila\system\CodeIgniter.php(825): App\Controllers\MenuController->edit('$l')
#1 E:\xampp\htdocs\app_caffe_laila\system\CodeIgniter.php(412): CodeIgniter\CodeIgniter->runController(Object(App\Controllers\MenuController))
#2 E:\xampp\htdocs\app_caffe_laila\system\CodeIgniter.php(320): CodeIgniter\CodeIgniter->handleRequest(NULL, Object(Config\Cache), false)
#3 E:\xampp\htdocs\app_caffe_laila\public\index.php(37): CodeIgniter\CodeIgniter->run()
#4 E:\xampp\htdocs\app_caffe_laila\system\Commands\Server\rewrite.php(43): require_once('E:\\xampp\\htdocs...')
#5 {main}
