CRITICAL - 2022-02-22 06:16:33 --> Undefined index: gambar
#0 E:\xampp\htdocs\app_caffe_laila\app\Views\MenuList.php(38): CodeIgniter\Debug\Exceptions->errorHandler(8, 'Undefined index...', 'E:\\xampp\\htdocs...', 38, Array)
#1 E:\xampp\htdocs\app_caffe_laila\system\View\View.php(210): include('E:\\xampp\\htdocs...')
#2 E:\xampp\htdocs\app_caffe_laila\system\View\View.php(213): CodeIgniter\View\View->CodeIgniter\View\{closure}()
#3 E:\xampp\htdocs\app_caffe_laila\system\Common.php(1089): CodeIgniter\View\View->render('MenuList', Array, true)
#4 E:\xampp\htdocs\app_caffe_laila\app\Controllers\MenuController.php(23): view('MenuList', Array)
#5 E:\xampp\htdocs\app_caffe_laila\system\CodeIgniter.php(825): App\Controllers\MenuController->tampil()
#6 E:\xampp\htdocs\app_caffe_laila\system\CodeIgniter.php(412): CodeIgniter\CodeIgniter->runController(Object(App\Controllers\MenuController))
#7 E:\xampp\htdocs\app_caffe_laila\system\CodeIgniter.php(320): CodeIgniter\CodeIgniter->handleRequest(NULL, Object(Config\Cache), false)
#8 E:\xampp\htdocs\app_caffe_laila\public\index.php(37): CodeIgniter\CodeIgniter->run()
#9 E:\xampp\htdocs\app_caffe_laila\system\Commands\Server\rewrite.php(43): require_once('E:\\xampp\\htdocs...')
#10 {main}
CRITICAL - 2022-02-22 06:21:03 --> Call to undefined function App\Controllers\getPost()
#0 E:\xampp\htdocs\app_caffe_laila\system\CodeIgniter.php(825): App\Controllers\MenuController->edit('$l')
#1 E:\xampp\htdocs\app_caffe_laila\system\CodeIgniter.php(412): CodeIgniter\CodeIgniter->runController(Object(App\Controllers\MenuController))
#2 E:\xampp\htdocs\app_caffe_laila\system\CodeIgniter.php(320): CodeIgniter\CodeIgniter->handleRequest(NULL, Object(Config\Cache), false)
#3 E:\xampp\htdocs\app_caffe_laila\public\index.php(37): CodeIgniter\CodeIgniter->run()
#4 E:\xampp\htdocs\app_caffe_laila\system\Commands\Server\rewrite.php(43): require_once('E:\\xampp\\htdocs...')
#5 {main}
CRITICAL - 2022-02-22 06:22:07 --> Call to undefined function App\Controllers\getPost()
#0 E:\xampp\htdocs\app_caffe_laila\system\CodeIgniter.php(825): App\Controllers\MenuController->edit('$l')
#1 E:\xampp\htdocs\app_caffe_laila\system\CodeIgniter.php(412): CodeIgniter\CodeIgniter->runController(Object(App\Controllers\MenuController))
#2 E:\xampp\htdocs\app_caffe_laila\system\CodeIgniter.php(320): CodeIgniter\CodeIgniter->handleRequest(NULL, Object(Config\Cache), false)
#3 E:\xampp\htdocs\app_caffe_laila\public\index.php(37): CodeIgniter\CodeIgniter->run()
#4 E:\xampp\htdocs\app_caffe_laila\system\Commands\Server\rewrite.php(43): require_once('E:\\xampp\\htdocs...')
#5 {main}
ERROR - 2022-02-22 07:26:30 --> Unknown column 'gambar' in 'field list'
CRITICAL - 2022-02-22 07:26:30 --> Unknown column 'gambar' in 'field list'
#0 E:\xampp\htdocs\app_caffe_laila\system\Database\MySQLi\Connection.php(292): mysqli->query('INSERT INTO `tb...', 0)
#1 E:\xampp\htdocs\app_caffe_laila\system\Database\BaseConnection.php(670): CodeIgniter\Database\MySQLi\Connection->execute('INSERT INTO `tb...')
#2 E:\xampp\htdocs\app_caffe_laila\system\Database\BaseConnection.php(598): CodeIgniter\Database\BaseConnection->simpleQuery('INSERT INTO `tb...')
#3 E:\xampp\htdocs\app_caffe_laila\system\Database\BaseBuilder.php(1771): CodeIgniter\Database\BaseConnection->query('INSERT INTO `tb...', Array, false)
#4 E:\xampp\htdocs\app_caffe_laila\system\Model.php(239): CodeIgniter\Database\BaseBuilder->insert()
#5 E:\xampp\htdocs\app_caffe_laila\system\BaseModel.php(738): CodeIgniter\Model->doInsert(Array)
#6 E:\xampp\htdocs\app_caffe_laila\system\Model.php(625): CodeIgniter\BaseModel->insert(Array, true)
#7 E:\xampp\htdocs\app_caffe_laila\app\Controllers\MenuController.php(35): CodeIgniter\Model->insert(Array)
#8 E:\xampp\htdocs\app_caffe_laila\system\CodeIgniter.php(825): App\Controllers\MenuController->simpan()
#9 E:\xampp\htdocs\app_caffe_laila\system\CodeIgniter.php(412): CodeIgniter\CodeIgniter->runController(Object(App\Controllers\MenuController))
#10 E:\xampp\htdocs\app_caffe_laila\system\CodeIgniter.php(320): CodeIgniter\CodeIgniter->handleRequest(NULL, Object(Config\Cache), false)
#11 E:\xampp\htdocs\app_caffe_laila\public\index.php(37): CodeIgniter\CodeIgniter->run()
#12 E:\xampp\htdocs\app_caffe_laila\system\Commands\Server\rewrite.php(43): require_once('E:\\xampp\\htdocs...')
#13 {main}
ERROR - 2022-02-22 07:28:35 --> Unknown column 'gambar' in 'field list'
CRITICAL - 2022-02-22 07:28:36 --> Unknown column 'gambar' in 'field list'
#0 E:\xampp\htdocs\app_caffe_laila\system\Database\MySQLi\Connection.php(292): mysqli->query('INSERT INTO `tb...', 0)
#1 E:\xampp\htdocs\app_caffe_laila\system\Database\BaseConnection.php(670): CodeIgniter\Database\MySQLi\Connection->execute('INSERT INTO `tb...')
#2 E:\xampp\htdocs\app_caffe_laila\system\Database\BaseConnection.php(598): CodeIgniter\Database\BaseConnection->simpleQuery('INSERT INTO `tb...')
#3 E:\xampp\htdocs\app_caffe_laila\system\Database\BaseBuilder.php(1771): CodeIgniter\Database\BaseConnection->query('INSERT INTO `tb...', Array, false)
#4 E:\xampp\htdocs\app_caffe_laila\system\Model.php(239): CodeIgniter\Database\BaseBuilder->insert()
#5 E:\xampp\htdocs\app_caffe_laila\system\BaseModel.php(738): CodeIgniter\Model->doInsert(Array)
#6 E:\xampp\htdocs\app_caffe_laila\system\Model.php(625): CodeIgniter\BaseModel->insert(Array, true)
#7 E:\xampp\htdocs\app_caffe_laila\app\Controllers\MenuController.php(35): CodeIgniter\Model->insert(Array)
#8 E:\xampp\htdocs\app_caffe_laila\system\CodeIgniter.php(825): App\Controllers\MenuController->simpan()
#9 E:\xampp\htdocs\app_caffe_laila\system\CodeIgniter.php(412): CodeIgniter\CodeIgniter->runController(Object(App\Controllers\MenuController))
#10 E:\xampp\htdocs\app_caffe_laila\system\CodeIgniter.php(320): CodeIgniter\CodeIgniter->handleRequest(NULL, Object(Config\Cache), false)
#11 E:\xampp\htdocs\app_caffe_laila\public\index.php(37): CodeIgniter\CodeIgniter->run()
#12 E:\xampp\htdocs\app_caffe_laila\system\Commands\Server\rewrite.php(43): require_once('E:\\xampp\\htdocs...')
#13 {main}
ERROR - 2022-02-22 07:29:08 --> Unknown column 'gambar' in 'field list'
CRITICAL - 2022-02-22 07:29:08 --> Unknown column 'gambar' in 'field list'
#0 E:\xampp\htdocs\app_caffe_laila\system\Database\MySQLi\Connection.php(292): mysqli->query('INSERT INTO `tb...', 0)
#1 E:\xampp\htdocs\app_caffe_laila\system\Database\BaseConnection.php(670): CodeIgniter\Database\MySQLi\Connection->execute('INSERT INTO `tb...')
#2 E:\xampp\htdocs\app_caffe_laila\system\Database\BaseConnection.php(598): CodeIgniter\Database\BaseConnection->simpleQuery('INSERT INTO `tb...')
#3 E:\xampp\htdocs\app_caffe_laila\system\Database\BaseBuilder.php(1771): CodeIgniter\Database\BaseConnection->query('INSERT INTO `tb...', Array, false)
#4 E:\xampp\htdocs\app_caffe_laila\system\Model.php(239): CodeIgniter\Database\BaseBuilder->insert()
#5 E:\xampp\htdocs\app_caffe_laila\system\BaseModel.php(738): CodeIgniter\Model->doInsert(Array)
#6 E:\xampp\htdocs\app_caffe_laila\system\Model.php(625): CodeIgniter\BaseModel->insert(Array, true)
#7 E:\xampp\htdocs\app_caffe_laila\app\Controllers\MenuController.php(35): CodeIgniter\Model->insert(Array)
#8 E:\xampp\htdocs\app_caffe_laila\system\CodeIgniter.php(825): App\Controllers\MenuController->simpan()
#9 E:\xampp\htdocs\app_caffe_laila\system\CodeIgniter.php(412): CodeIgniter\CodeIgniter->runController(Object(App\Controllers\MenuController))
#10 E:\xampp\htdocs\app_caffe_laila\system\CodeIgniter.php(320): CodeIgniter\CodeIgniter->handleRequest(NULL, Object(Config\Cache), false)
#11 E:\xampp\htdocs\app_caffe_laila\public\index.php(37): CodeIgniter\CodeIgniter->run()
#12 E:\xampp\htdocs\app_caffe_laila\system\Commands\Server\rewrite.php(43): require_once('E:\\xampp\\htdocs...')
#13 {main}
CRITICAL - 2022-02-22 07:37:25 --> Undefined index: $l
#0 E:\xampp\htdocs\app_caffe_laila\app\Controllers\PesananController.php(72): CodeIgniter\Debug\Exceptions->errorHandler(8, 'Undefined index...', 'E:\\xampp\\htdocs...', 72, Array)
#1 E:\xampp\htdocs\app_caffe_laila\app\Controllers\PesananController.php(81): App\Controllers\PesananController->cek('$l')
#2 E:\xampp\htdocs\app_caffe_laila\system\CodeIgniter.php(825): App\Controllers\PesananController->hapusCart('$l')
#3 E:\xampp\htdocs\app_caffe_laila\system\CodeIgniter.php(412): CodeIgniter\CodeIgniter->runController(Object(App\Controllers\PesananController))
#4 E:\xampp\htdocs\app_caffe_laila\system\CodeIgniter.php(320): CodeIgniter\CodeIgniter->handleRequest(NULL, Object(Config\Cache), false)
#5 E:\xampp\htdocs\app_caffe_laila\public\index.php(37): CodeIgniter\CodeIgniter->run()
#6 E:\xampp\htdocs\app_caffe_laila\system\Commands\Server\rewrite.php(43): require_once('E:\\xampp\\htdocs...')
#7 {main}
CRITICAL - 2022-02-22 09:06:05 --> CodeIgniter\View\View::main(): Failed opening required 'controllerUserData.php' (include_path='E:\xampp\php\PEAR')
#0 [internal function]: CodeIgniter\Debug\Exceptions->shutdownHandler()
#1 {main}
CRITICAL - 2022-02-22 09:06:28 --> Undefined variable: errors
#0 E:\xampp\htdocs\app_caffe_laila\app\Views\Login.php(17): CodeIgniter\Debug\Exceptions->errorHandler(8, 'Undefined varia...', 'E:\\xampp\\htdocs...', 17, Array)
#1 E:\xampp\htdocs\app_caffe_laila\system\View\View.php(210): include('E:\\xampp\\htdocs...')
#2 E:\xampp\htdocs\app_caffe_laila\system\View\View.php(213): CodeIgniter\View\View->CodeIgniter\View\{closure}()
#3 E:\xampp\htdocs\app_caffe_laila\system\Common.php(1089): CodeIgniter\View\View->render('login', Array, true)
#4 E:\xampp\htdocs\app_caffe_laila\app\Controllers\UserController.php(63): view('login')
#5 E:\xampp\htdocs\app_caffe_laila\system\CodeIgniter.php(825): App\Controllers\UserController->tlogin()
#6 E:\xampp\htdocs\app_caffe_laila\system\CodeIgniter.php(412): CodeIgniter\CodeIgniter->runController(Object(App\Controllers\UserController))
#7 E:\xampp\htdocs\app_caffe_laila\system\CodeIgniter.php(320): CodeIgniter\CodeIgniter->handleRequest(NULL, Object(Config\Cache), false)
#8 E:\xampp\htdocs\app_caffe_laila\public\index.php(37): CodeIgniter\CodeIgniter->run()
#9 E:\xampp\htdocs\app_caffe_laila\system\Commands\Server\rewrite.php(43): require_once('E:\\xampp\\htdocs...')
#10 {main}
CRITICAL - 2022-02-22 09:07:03 --> syntax error, unexpected '?>'
#0 E:\xampp\htdocs\app_caffe_laila\system\View\View.php(213): CodeIgniter\View\View->CodeIgniter\View\{closure}()
#1 E:\xampp\htdocs\app_caffe_laila\system\Common.php(1089): CodeIgniter\View\View->render('login', Array, true)
#2 E:\xampp\htdocs\app_caffe_laila\app\Controllers\UserController.php(63): view('login')
#3 E:\xampp\htdocs\app_caffe_laila\system\CodeIgniter.php(825): App\Controllers\UserController->tlogin()
#4 E:\xampp\htdocs\app_caffe_laila\system\CodeIgniter.php(412): CodeIgniter\CodeIgniter->runController(Object(App\Controllers\UserController))
#5 E:\xampp\htdocs\app_caffe_laila\system\CodeIgniter.php(320): CodeIgniter\CodeIgniter->handleRequest(NULL, Object(Config\Cache), false)
#6 E:\xampp\htdocs\app_caffe_laila\public\index.php(37): CodeIgniter\CodeIgniter->run()
#7 E:\xampp\htdocs\app_caffe_laila\system\Commands\Server\rewrite.php(43): require_once('E:\\xampp\\htdocs...')
#8 {main}
CRITICAL - 2022-02-22 09:08:19 --> Undefined variable: email
#0 E:\xampp\htdocs\app_caffe_laila\app\Views\Login.php(21): CodeIgniter\Debug\Exceptions->errorHandler(8, 'Undefined varia...', 'E:\\xampp\\htdocs...', 21, Array)
#1 E:\xampp\htdocs\app_caffe_laila\system\View\View.php(210): include('E:\\xampp\\htdocs...')
#2 E:\xampp\htdocs\app_caffe_laila\system\View\View.php(213): CodeIgniter\View\View->CodeIgniter\View\{closure}()
#3 E:\xampp\htdocs\app_caffe_laila\system\Common.php(1089): CodeIgniter\View\View->render('login', Array, true)
#4 E:\xampp\htdocs\app_caffe_laila\app\Controllers\UserController.php(63): view('login')
#5 E:\xampp\htdocs\app_caffe_laila\system\CodeIgniter.php(825): App\Controllers\UserController->tlogin()
#6 E:\xampp\htdocs\app_caffe_laila\system\CodeIgniter.php(412): CodeIgniter\CodeIgniter->runController(Object(App\Controllers\UserController))
#7 E:\xampp\htdocs\app_caffe_laila\system\CodeIgniter.php(320): CodeIgniter\CodeIgniter->handleRequest(NULL, Object(Config\Cache), false)
#8 E:\xampp\htdocs\app_caffe_laila\public\index.php(37): CodeIgniter\CodeIgniter->run()
#9 E:\xampp\htdocs\app_caffe_laila\system\Commands\Server\rewrite.php(43): require_once('E:\\xampp\\htdocs...')
#10 {main}
CRITICAL - 2022-02-22 09:09:31 --> Undefined variable: username
#0 E:\xampp\htdocs\app_caffe_laila\app\Views\Login.php(17): CodeIgniter\Debug\Exceptions->errorHandler(8, 'Undefined varia...', 'E:\\xampp\\htdocs...', 17, Array)
#1 E:\xampp\htdocs\app_caffe_laila\system\View\View.php(210): include('E:\\xampp\\htdocs...')
#2 E:\xampp\htdocs\app_caffe_laila\system\View\View.php(213): CodeIgniter\View\View->CodeIgniter\View\{closure}()
#3 E:\xampp\htdocs\app_caffe_laila\system\Common.php(1089): CodeIgniter\View\View->render('login', Array, true)
#4 E:\xampp\htdocs\app_caffe_laila\app\Controllers\UserController.php(63): view('login')
#5 E:\xampp\htdocs\app_caffe_laila\system\CodeIgniter.php(825): App\Controllers\UserController->tlogin()
#6 E:\xampp\htdocs\app_caffe_laila\system\CodeIgniter.php(412): CodeIgniter\CodeIgniter->runController(Object(App\Controllers\UserController))
#7 E:\xampp\htdocs\app_caffe_laila\system\CodeIgniter.php(320): CodeIgniter\CodeIgniter->handleRequest(NULL, Object(Config\Cache), false)
#8 E:\xampp\htdocs\app_caffe_laila\public\index.php(37): CodeIgniter\CodeIgniter->run()
#9 E:\xampp\htdocs\app_caffe_laila\system\Commands\Server\rewrite.php(43): require_once('E:\\xampp\\htdocs...')
#10 {main}
CRITICAL - 2022-02-22 09:09:35 --> Undefined variable: username
#0 E:\xampp\htdocs\app_caffe_laila\app\Views\Login.php(17): CodeIgniter\Debug\Exceptions->errorHandler(8, 'Undefined varia...', 'E:\\xampp\\htdocs...', 17, Array)
#1 E:\xampp\htdocs\app_caffe_laila\system\View\View.php(210): include('E:\\xampp\\htdocs...')
#2 E:\xampp\htdocs\app_caffe_laila\system\View\View.php(213): CodeIgniter\View\View->CodeIgniter\View\{closure}()
#3 E:\xampp\htdocs\app_caffe_laila\system\Common.php(1089): CodeIgniter\View\View->render('login', Array, true)
#4 E:\xampp\htdocs\app_caffe_laila\app\Controllers\UserController.php(63): view('login')
#5 E:\xampp\htdocs\app_caffe_laila\system\CodeIgniter.php(825): App\Controllers\UserController->tlogin()
#6 E:\xampp\htdocs\app_caffe_laila\system\CodeIgniter.php(412): CodeIgniter\CodeIgniter->runController(Object(App\Controllers\UserController))
#7 E:\xampp\htdocs\app_caffe_laila\system\CodeIgniter.php(320): CodeIgniter\CodeIgniter->handleRequest(NULL, Object(Config\Cache), false)
#8 E:\xampp\htdocs\app_caffe_laila\public\index.php(37): CodeIgniter\CodeIgniter->run()
#9 E:\xampp\htdocs\app_caffe_laila\system\Commands\Server\rewrite.php(43): require_once('E:\\xampp\\htdocs...')
#10 {main}
ERROR - 2022-02-22 09:15:53 --> Error connecting to the database: No connection could be made because the target machine actively refused it.

CRITICAL - 2022-02-22 09:15:53 --> Unable to connect to the database.
Main connection [MySQLi]: No connection could be made because the target machine actively refused it.

#0 E:\xampp\htdocs\app_caffe_laila\system\Database\BaseConnection.php(577): CodeIgniter\Database\BaseConnection->initialize()
#1 E:\xampp\htdocs\app_caffe_laila\system\Database\BaseBuilder.php(1455): CodeIgniter\Database\BaseConnection->query('SELECT *\nFROM `...', Array, false)
#2 E:\xampp\htdocs\app_caffe_laila\system\Model.php(210): CodeIgniter\Database\BaseBuilder->get()
#3 E:\xampp\htdocs\app_caffe_laila\system\BaseModel.php(622): CodeIgniter\Model->doFirst()
#4 E:\xampp\htdocs\app_caffe_laila\app\Controllers\UserController.php(70): CodeIgniter\BaseModel->first()
#5 E:\xampp\htdocs\app_caffe_laila\system\CodeIgniter.php(825): App\Controllers\UserController->login()
#6 E:\xampp\htdocs\app_caffe_laila\system\CodeIgniter.php(412): CodeIgniter\CodeIgniter->runController(Object(App\Controllers\UserController))
#7 E:\xampp\htdocs\app_caffe_laila\system\CodeIgniter.php(320): CodeIgniter\CodeIgniter->handleRequest(NULL, Object(Config\Cache), false)
#8 E:\xampp\htdocs\app_caffe_laila\public\index.php(37): CodeIgniter\CodeIgniter->run()
#9 E:\xampp\htdocs\app_caffe_laila\system\Commands\Server\rewrite.php(43): require_once('E:\\xampp\\htdocs...')
#10 {main}
ERROR - 2022-02-22 09:16:51 --> Error connecting to the database: No connection could be made because the target machine actively refused it.

CRITICAL - 2022-02-22 09:16:51 --> Unable to connect to the database.
Main connection [MySQLi]: No connection could be made because the target machine actively refused it.

#0 E:\xampp\htdocs\app_caffe_laila\system\Database\BaseConnection.php(577): CodeIgniter\Database\BaseConnection->initialize()
#1 E:\xampp\htdocs\app_caffe_laila\system\Database\BaseBuilder.php(1455): CodeIgniter\Database\BaseConnection->query('SELECT *\nFROM `...', Array, false)
#2 E:\xampp\htdocs\app_caffe_laila\system\Model.php(210): CodeIgniter\Database\BaseBuilder->get()
#3 E:\xampp\htdocs\app_caffe_laila\system\BaseModel.php(622): CodeIgniter\Model->doFirst()
#4 E:\xampp\htdocs\app_caffe_laila\app\Controllers\UserController.php(70): CodeIgniter\BaseModel->first()
#5 E:\xampp\htdocs\app_caffe_laila\system\CodeIgniter.php(825): App\Controllers\UserController->login()
#6 E:\xampp\htdocs\app_caffe_laila\system\CodeIgniter.php(412): CodeIgniter\CodeIgniter->runController(Object(App\Controllers\UserController))
#7 E:\xampp\htdocs\app_caffe_laila\system\CodeIgniter.php(320): CodeIgniter\CodeIgniter->handleRequest(NULL, Object(Config\Cache), false)
#8 E:\xampp\htdocs\app_caffe_laila\public\index.php(37): CodeIgniter\CodeIgniter->run()
#9 E:\xampp\htdocs\app_caffe_laila\system\Commands\Server\rewrite.php(43): require_once('E:\\xampp\\htdocs...')
#10 {main}
ERROR - 2022-02-22 09:18:03 --> Error connecting to the database: No connection could be made because the target machine actively refused it.

CRITICAL - 2022-02-22 09:18:03 --> Unable to connect to the database.
Main connection [MySQLi]: No connection could be made because the target machine actively refused it.

#0 E:\xampp\htdocs\app_caffe_laila\system\Database\BaseConnection.php(577): CodeIgniter\Database\BaseConnection->initialize()
#1 E:\xampp\htdocs\app_caffe_laila\system\Database\BaseBuilder.php(1455): CodeIgniter\Database\BaseConnection->query('SELECT *\nFROM `...', Array, false)
#2 E:\xampp\htdocs\app_caffe_laila\system\Model.php(210): CodeIgniter\Database\BaseBuilder->get()
#3 E:\xampp\htdocs\app_caffe_laila\system\BaseModel.php(622): CodeIgniter\Model->doFirst()
#4 E:\xampp\htdocs\app_caffe_laila\app\Controllers\UserController.php(70): CodeIgniter\BaseModel->first()
#5 E:\xampp\htdocs\app_caffe_laila\system\CodeIgniter.php(825): App\Controllers\UserController->login()
#6 E:\xampp\htdocs\app_caffe_laila\system\CodeIgniter.php(412): CodeIgniter\CodeIgniter->runController(Object(App\Controllers\UserController))
#7 E:\xampp\htdocs\app_caffe_laila\system\CodeIgniter.php(320): CodeIgniter\CodeIgniter->handleRequest(NULL, Object(Config\Cache), false)
#8 E:\xampp\htdocs\app_caffe_laila\public\index.php(37): CodeIgniter\CodeIgniter->run()
#9 E:\xampp\htdocs\app_caffe_laila\system\Commands\Server\rewrite.php(43): require_once('E:\\xampp\\htdocs...')
#10 {main}
ERROR - 2022-02-22 09:18:08 --> Error connecting to the database: No connection could be made because the target machine actively refused it.

CRITICAL - 2022-02-22 09:18:08 --> Unable to connect to the database.
Main connection [MySQLi]: No connection could be made because the target machine actively refused it.

#0 E:\xampp\htdocs\app_caffe_laila\system\Database\BaseConnection.php(577): CodeIgniter\Database\BaseConnection->initialize()
#1 E:\xampp\htdocs\app_caffe_laila\system\Database\BaseBuilder.php(1455): CodeIgniter\Database\BaseConnection->query('SELECT *\nFROM `...', Array, false)
#2 E:\xampp\htdocs\app_caffe_laila\system\Model.php(210): CodeIgniter\Database\BaseBuilder->get()
#3 E:\xampp\htdocs\app_caffe_laila\system\BaseModel.php(622): CodeIgniter\Model->doFirst()
#4 E:\xampp\htdocs\app_caffe_laila\app\Controllers\UserController.php(70): CodeIgniter\BaseModel->first()
#5 E:\xampp\htdocs\app_caffe_laila\system\CodeIgniter.php(825): App\Controllers\UserController->login()
#6 E:\xampp\htdocs\app_caffe_laila\system\CodeIgniter.php(412): CodeIgniter\CodeIgniter->runController(Object(App\Controllers\UserController))
#7 E:\xampp\htdocs\app_caffe_laila\system\CodeIgniter.php(320): CodeIgniter\CodeIgniter->handleRequest(NULL, Object(Config\Cache), false)
#8 E:\xampp\htdocs\app_caffe_laila\public\index.php(37): CodeIgniter\CodeIgniter->run()
#9 E:\xampp\htdocs\app_caffe_laila\system\Commands\Server\rewrite.php(43): require_once('E:\\xampp\\htdocs...')
#10 {main}
ERROR - 2022-02-22 09:18:52 --> Error connecting to the database: No connection could be made because the target machine actively refused it.

CRITICAL - 2022-02-22 09:18:52 --> Unable to connect to the database.
Main connection [MySQLi]: No connection could be made because the target machine actively refused it.

#0 E:\xampp\htdocs\app_caffe_laila\system\Database\BaseConnection.php(577): CodeIgniter\Database\BaseConnection->initialize()
#1 E:\xampp\htdocs\app_caffe_laila\system\Database\BaseBuilder.php(1455): CodeIgniter\Database\BaseConnection->query('SELECT *\nFROM `...', Array, false)
#2 E:\xampp\htdocs\app_caffe_laila\system\Model.php(210): CodeIgniter\Database\BaseBuilder->get()
#3 E:\xampp\htdocs\app_caffe_laila\system\BaseModel.php(622): CodeIgniter\Model->doFirst()
#4 E:\xampp\htdocs\app_caffe_laila\app\Controllers\UserController.php(70): CodeIgniter\BaseModel->first()
#5 E:\xampp\htdocs\app_caffe_laila\system\CodeIgniter.php(825): App\Controllers\UserController->login()
#6 E:\xampp\htdocs\app_caffe_laila\system\CodeIgniter.php(412): CodeIgniter\CodeIgniter->runController(Object(App\Controllers\UserController))
#7 E:\xampp\htdocs\app_caffe_laila\system\CodeIgniter.php(320): CodeIgniter\CodeIgniter->handleRequest(NULL, Object(Config\Cache), false)
#8 E:\xampp\htdocs\app_caffe_laila\public\index.php(37): CodeIgniter\CodeIgniter->run()
#9 E:\xampp\htdocs\app_caffe_laila\system\Commands\Server\rewrite.php(43): require_once('E:\\xampp\\htdocs...')
#10 {main}
ERROR - 2022-02-22 09:21:08 --> Error connecting to the database: No connection could be made because the target machine actively refused it.

CRITICAL - 2022-02-22 09:21:09 --> Unable to connect to the database.
Main connection [MySQLi]: No connection could be made because the target machine actively refused it.

#0 E:\xampp\htdocs\app_caffe_laila\system\Database\BaseConnection.php(577): CodeIgniter\Database\BaseConnection->initialize()
#1 E:\xampp\htdocs\app_caffe_laila\system\Database\BaseBuilder.php(1455): CodeIgniter\Database\BaseConnection->query('SELECT *\nFROM `...', Array, false)
#2 E:\xampp\htdocs\app_caffe_laila\system\Model.php(210): CodeIgniter\Database\BaseBuilder->get()
#3 E:\xampp\htdocs\app_caffe_laila\system\BaseModel.php(622): CodeIgniter\Model->doFirst()
#4 E:\xampp\htdocs\app_caffe_laila\app\Controllers\UserController.php(70): CodeIgniter\BaseModel->first()
#5 E:\xampp\htdocs\app_caffe_laila\system\CodeIgniter.php(825): App\Controllers\UserController->login()
#6 E:\xampp\htdocs\app_caffe_laila\system\CodeIgniter.php(412): CodeIgniter\CodeIgniter->runController(Object(App\Controllers\UserController))
#7 E:\xampp\htdocs\app_caffe_laila\system\CodeIgniter.php(320): CodeIgniter\CodeIgniter->handleRequest(NULL, Object(Config\Cache), false)
#8 E:\xampp\htdocs\app_caffe_laila\public\index.php(37): CodeIgniter\CodeIgniter->run()
#9 E:\xampp\htdocs\app_caffe_laila\system\Commands\Server\rewrite.php(43): require_once('E:\\xampp\\htdocs...')
#10 {main}
ERROR - 2022-02-22 09:21:49 --> Error connecting to the database: No connection could be made because the target machine actively refused it.

CRITICAL - 2022-02-22 09:21:49 --> Unable to connect to the database.
Main connection [MySQLi]: No connection could be made because the target machine actively refused it.

#0 E:\xampp\htdocs\app_caffe_laila\system\Database\BaseConnection.php(577): CodeIgniter\Database\BaseConnection->initialize()
#1 E:\xampp\htdocs\app_caffe_laila\system\Database\BaseBuilder.php(1455): CodeIgniter\Database\BaseConnection->query('SELECT *\nFROM `...', Array, false)
#2 E:\xampp\htdocs\app_caffe_laila\system\Model.php(210): CodeIgniter\Database\BaseBuilder->get()
#3 E:\xampp\htdocs\app_caffe_laila\system\BaseModel.php(622): CodeIgniter\Model->doFirst()
#4 E:\xampp\htdocs\app_caffe_laila\app\Controllers\UserController.php(70): CodeIgniter\BaseModel->first()
#5 E:\xampp\htdocs\app_caffe_laila\system\CodeIgniter.php(825): App\Controllers\UserController->login()
#6 E:\xampp\htdocs\app_caffe_laila\system\CodeIgniter.php(412): CodeIgniter\CodeIgniter->runController(Object(App\Controllers\UserController))
#7 E:\xampp\htdocs\app_caffe_laila\system\CodeIgniter.php(320): CodeIgniter\CodeIgniter->handleRequest(NULL, Object(Config\Cache), false)
#8 E:\xampp\htdocs\app_caffe_laila\public\index.php(37): CodeIgniter\CodeIgniter->run()
#9 E:\xampp\htdocs\app_caffe_laila\system\Commands\Server\rewrite.php(43): require_once('E:\\xampp\\htdocs...')
#10 {main}
ERROR - 2022-02-22 09:23:00 --> Error connecting to the database: No connection could be made because the target machine actively refused it.

CRITICAL - 2022-02-22 09:23:00 --> Unable to connect to the database.
Main connection [MySQLi]: No connection could be made because the target machine actively refused it.

#0 E:\xampp\htdocs\app_caffe_laila\system\Database\BaseConnection.php(577): CodeIgniter\Database\BaseConnection->initialize()
#1 E:\xampp\htdocs\app_caffe_laila\system\Database\BaseBuilder.php(1455): CodeIgniter\Database\BaseConnection->query('SELECT *\nFROM `...', Array, false)
#2 E:\xampp\htdocs\app_caffe_laila\system\Model.php(210): CodeIgniter\Database\BaseBuilder->get()
#3 E:\xampp\htdocs\app_caffe_laila\system\BaseModel.php(622): CodeIgniter\Model->doFirst()
#4 E:\xampp\htdocs\app_caffe_laila\app\Controllers\UserController.php(70): CodeIgniter\BaseModel->first()
#5 E:\xampp\htdocs\app_caffe_laila\system\CodeIgniter.php(825): App\Controllers\UserController->login()
#6 E:\xampp\htdocs\app_caffe_laila\system\CodeIgniter.php(412): CodeIgniter\CodeIgniter->runController(Object(App\Controllers\UserController))
#7 E:\xampp\htdocs\app_caffe_laila\system\CodeIgniter.php(320): CodeIgniter\CodeIgniter->handleRequest(NULL, Object(Config\Cache), false)
#8 E:\xampp\htdocs\app_caffe_laila\public\index.php(37): CodeIgniter\CodeIgniter->run()
#9 E:\xampp\htdocs\app_caffe_laila\system\Commands\Server\rewrite.php(43): require_once('E:\\xampp\\htdocs...')
#10 {main}
ERROR - 2022-02-22 09:23:06 --> Error connecting to the database: No connection could be made because the target machine actively refused it.

CRITICAL - 2022-02-22 09:23:06 --> Unable to connect to the database.
Main connection [MySQLi]: No connection could be made because the target machine actively refused it.

#0 E:\xampp\htdocs\app_caffe_laila\system\Database\BaseConnection.php(577): CodeIgniter\Database\BaseConnection->initialize()
#1 E:\xampp\htdocs\app_caffe_laila\system\Database\BaseBuilder.php(1455): CodeIgniter\Database\BaseConnection->query('SELECT *\nFROM `...', Array, false)
#2 E:\xampp\htdocs\app_caffe_laila\system\Model.php(210): CodeIgniter\Database\BaseBuilder->get()
#3 E:\xampp\htdocs\app_caffe_laila\system\BaseModel.php(622): CodeIgniter\Model->doFirst()
#4 E:\xampp\htdocs\app_caffe_laila\app\Controllers\UserController.php(70): CodeIgniter\BaseModel->first()
#5 E:\xampp\htdocs\app_caffe_laila\system\CodeIgniter.php(825): App\Controllers\UserController->login()
#6 E:\xampp\htdocs\app_caffe_laila\system\CodeIgniter.php(412): CodeIgniter\CodeIgniter->runController(Object(App\Controllers\UserController))
#7 E:\xampp\htdocs\app_caffe_laila\system\CodeIgniter.php(320): CodeIgniter\CodeIgniter->handleRequest(NULL, Object(Config\Cache), false)
#8 E:\xampp\htdocs\app_caffe_laila\public\index.php(37): CodeIgniter\CodeIgniter->run()
#9 E:\xampp\htdocs\app_caffe_laila\system\Commands\Server\rewrite.php(43): require_once('E:\\xampp\\htdocs...')
#10 {main}
ERROR - 2022-02-22 09:23:08 --> Error connecting to the database: No connection could be made because the target machine actively refused it.

CRITICAL - 2022-02-22 09:23:08 --> Unable to connect to the database.
Main connection [MySQLi]: No connection could be made because the target machine actively refused it.

#0 E:\xampp\htdocs\app_caffe_laila\system\Database\BaseConnection.php(577): CodeIgniter\Database\BaseConnection->initialize()
#1 E:\xampp\htdocs\app_caffe_laila\system\Database\BaseBuilder.php(1455): CodeIgniter\Database\BaseConnection->query('SELECT *\nFROM `...', Array, false)
#2 E:\xampp\htdocs\app_caffe_laila\system\Model.php(210): CodeIgniter\Database\BaseBuilder->get()
#3 E:\xampp\htdocs\app_caffe_laila\system\BaseModel.php(622): CodeIgniter\Model->doFirst()
#4 E:\xampp\htdocs\app_caffe_laila\app\Controllers\UserController.php(70): CodeIgniter\BaseModel->first()
#5 E:\xampp\htdocs\app_caffe_laila\system\CodeIgniter.php(825): App\Controllers\UserController->login()
#6 E:\xampp\htdocs\app_caffe_laila\system\CodeIgniter.php(412): CodeIgniter\CodeIgniter->runController(Object(App\Controllers\UserController))
#7 E:\xampp\htdocs\app_caffe_laila\system\CodeIgniter.php(320): CodeIgniter\CodeIgniter->handleRequest(NULL, Object(Config\Cache), false)
#8 E:\xampp\htdocs\app_caffe_laila\public\index.php(37): CodeIgniter\CodeIgniter->run()
#9 E:\xampp\htdocs\app_caffe_laila\system\Commands\Server\rewrite.php(43): require_once('E:\\xampp\\htdocs...')
#10 {main}
ERROR - 2022-02-22 09:24:12 --> Error connecting to the database: No connection could be made because the target machine actively refused it.

CRITICAL - 2022-02-22 09:24:12 --> Unable to connect to the database.
Main connection [MySQLi]: No connection could be made because the target machine actively refused it.

#0 E:\xampp\htdocs\app_caffe_laila\system\Database\BaseConnection.php(577): CodeIgniter\Database\BaseConnection->initialize()
#1 E:\xampp\htdocs\app_caffe_laila\system\Database\BaseBuilder.php(1455): CodeIgniter\Database\BaseConnection->query('SELECT *\nFROM `...', Array, false)
#2 E:\xampp\htdocs\app_caffe_laila\system\Model.php(210): CodeIgniter\Database\BaseBuilder->get()
#3 E:\xampp\htdocs\app_caffe_laila\system\BaseModel.php(622): CodeIgniter\Model->doFirst()
#4 E:\xampp\htdocs\app_caffe_laila\app\Controllers\UserController.php(70): CodeIgniter\BaseModel->first()
#5 E:\xampp\htdocs\app_caffe_laila\system\CodeIgniter.php(825): App\Controllers\UserController->login()
#6 E:\xampp\htdocs\app_caffe_laila\system\CodeIgniter.php(412): CodeIgniter\CodeIgniter->runController(Object(App\Controllers\UserController))
#7 E:\xampp\htdocs\app_caffe_laila\system\CodeIgniter.php(320): CodeIgniter\CodeIgniter->handleRequest(NULL, Object(Config\Cache), false)
#8 E:\xampp\htdocs\app_caffe_laila\public\index.php(37): CodeIgniter\CodeIgniter->run()
#9 E:\xampp\htdocs\app_caffe_laila\system\Commands\Server\rewrite.php(43): require_once('E:\\xampp\\htdocs...')
#10 {main}
ERROR - 2022-02-22 09:25:07 --> Error connecting to the database: No connection could be made because the target machine actively refused it.

CRITICAL - 2022-02-22 09:25:07 --> Unable to connect to the database.
Main connection [MySQLi]: No connection could be made because the target machine actively refused it.

#0 E:\xampp\htdocs\app_caffe_laila\system\Database\BaseConnection.php(577): CodeIgniter\Database\BaseConnection->initialize()
#1 E:\xampp\htdocs\app_caffe_laila\system\Database\BaseBuilder.php(1455): CodeIgniter\Database\BaseConnection->query('SELECT *\nFROM `...', Array, false)
#2 E:\xampp\htdocs\app_caffe_laila\system\Model.php(210): CodeIgniter\Database\BaseBuilder->get()
#3 E:\xampp\htdocs\app_caffe_laila\system\BaseModel.php(622): CodeIgniter\Model->doFirst()
#4 E:\xampp\htdocs\app_caffe_laila\app\Controllers\UserController.php(70): CodeIgniter\BaseModel->first()
#5 E:\xampp\htdocs\app_caffe_laila\system\CodeIgniter.php(825): App\Controllers\UserController->login()
#6 E:\xampp\htdocs\app_caffe_laila\system\CodeIgniter.php(412): CodeIgniter\CodeIgniter->runController(Object(App\Controllers\UserController))
#7 E:\xampp\htdocs\app_caffe_laila\system\CodeIgniter.php(320): CodeIgniter\CodeIgniter->handleRequest(NULL, Object(Config\Cache), false)
#8 E:\xampp\htdocs\app_caffe_laila\public\index.php(37): CodeIgniter\CodeIgniter->run()
#9 E:\xampp\htdocs\app_caffe_laila\system\Commands\Server\rewrite.php(43): require_once('E:\\xampp\\htdocs...')
#10 {main}
ERROR - 2022-02-22 09:27:56 --> Error connecting to the database: No connection could be made because the target machine actively refused it.

CRITICAL - 2022-02-22 09:27:56 --> Unable to connect to the database.
Main connection [MySQLi]: No connection could be made because the target machine actively refused it.

#0 E:\xampp\htdocs\app_caffe_laila\system\Database\BaseConnection.php(577): CodeIgniter\Database\BaseConnection->initialize()
#1 E:\xampp\htdocs\app_caffe_laila\system\Database\BaseBuilder.php(1455): CodeIgniter\Database\BaseConnection->query('SELECT *\nFROM `...', Array, false)
#2 E:\xampp\htdocs\app_caffe_laila\system\Model.php(210): CodeIgniter\Database\BaseBuilder->get()
#3 E:\xampp\htdocs\app_caffe_laila\system\BaseModel.php(622): CodeIgniter\Model->doFirst()
#4 E:\xampp\htdocs\app_caffe_laila\app\Controllers\UserController.php(70): CodeIgniter\BaseModel->first()
#5 E:\xampp\htdocs\app_caffe_laila\system\CodeIgniter.php(825): App\Controllers\UserController->login()
#6 E:\xampp\htdocs\app_caffe_laila\system\CodeIgniter.php(412): CodeIgniter\CodeIgniter->runController(Object(App\Controllers\UserController))
#7 E:\xampp\htdocs\app_caffe_laila\system\CodeIgniter.php(320): CodeIgniter\CodeIgniter->handleRequest(NULL, Object(Config\Cache), false)
#8 E:\xampp\htdocs\app_caffe_laila\public\index.php(37): CodeIgniter\CodeIgniter->run()
#9 E:\xampp\htdocs\app_caffe_laila\system\Commands\Server\rewrite.php(43): require_once('E:\\xampp\\htdocs...')
#10 {main}
ERROR - 2022-02-22 09:29:38 --> Error connecting to the database: No connection could be made because the target machine actively refused it.

CRITICAL - 2022-02-22 09:29:38 --> Unable to connect to the database.
Main connection [MySQLi]: No connection could be made because the target machine actively refused it.

#0 E:\xampp\htdocs\app_caffe_laila\system\Database\BaseConnection.php(577): CodeIgniter\Database\BaseConnection->initialize()
#1 E:\xampp\htdocs\app_caffe_laila\system\Database\BaseBuilder.php(1455): CodeIgniter\Database\BaseConnection->query('SELECT *\nFROM `...', Array, false)
#2 E:\xampp\htdocs\app_caffe_laila\system\Model.php(210): CodeIgniter\Database\BaseBuilder->get()
#3 E:\xampp\htdocs\app_caffe_laila\system\BaseModel.php(622): CodeIgniter\Model->doFirst()
#4 E:\xampp\htdocs\app_caffe_laila\app\Controllers\UserController.php(70): CodeIgniter\BaseModel->first()
#5 E:\xampp\htdocs\app_caffe_laila\system\CodeIgniter.php(825): App\Controllers\UserController->login()
#6 E:\xampp\htdocs\app_caffe_laila\system\CodeIgniter.php(412): CodeIgniter\CodeIgniter->runController(Object(App\Controllers\UserController))
#7 E:\xampp\htdocs\app_caffe_laila\system\CodeIgniter.php(320): CodeIgniter\CodeIgniter->handleRequest(NULL, Object(Config\Cache), false)
#8 E:\xampp\htdocs\app_caffe_laila\public\index.php(37): CodeIgniter\CodeIgniter->run()
#9 E:\xampp\htdocs\app_caffe_laila\system\Commands\Server\rewrite.php(43): require_once('E:\\xampp\\htdocs...')
#10 {main}
ERROR - 2022-02-22 09:31:19 --> Error connecting to the database: No connection could be made because the target machine actively refused it.

CRITICAL - 2022-02-22 09:31:19 --> Unable to connect to the database.
Main connection [MySQLi]: No connection could be made because the target machine actively refused it.

#0 E:\xampp\htdocs\app_caffe_laila\system\Database\BaseConnection.php(577): CodeIgniter\Database\BaseConnection->initialize()
#1 E:\xampp\htdocs\app_caffe_laila\system\Database\BaseBuilder.php(1455): CodeIgniter\Database\BaseConnection->query('SELECT *\nFROM `...', Array, false)
#2 E:\xampp\htdocs\app_caffe_laila\system\Model.php(210): CodeIgniter\Database\BaseBuilder->get()
#3 E:\xampp\htdocs\app_caffe_laila\system\BaseModel.php(622): CodeIgniter\Model->doFirst()
#4 E:\xampp\htdocs\app_caffe_laila\app\Controllers\UserController.php(70): CodeIgniter\BaseModel->first()
#5 E:\xampp\htdocs\app_caffe_laila\system\CodeIgniter.php(825): App\Controllers\UserController->login()
#6 E:\xampp\htdocs\app_caffe_laila\system\CodeIgniter.php(412): CodeIgniter\CodeIgniter->runController(Object(App\Controllers\UserController))
#7 E:\xampp\htdocs\app_caffe_laila\system\CodeIgniter.php(320): CodeIgniter\CodeIgniter->handleRequest(NULL, Object(Config\Cache), false)
#8 E:\xampp\htdocs\app_caffe_laila\public\index.php(37): CodeIgniter\CodeIgniter->run()
#9 E:\xampp\htdocs\app_caffe_laila\system\Commands\Server\rewrite.php(43): require_once('E:\\xampp\\htdocs...')
#10 {main}
ERROR - 2022-02-22 09:31:25 --> Error connecting to the database: No connection could be made because the target machine actively refused it.

CRITICAL - 2022-02-22 09:31:25 --> Unable to connect to the database.
Main connection [MySQLi]: No connection could be made because the target machine actively refused it.

#0 E:\xampp\htdocs\app_caffe_laila\system\Database\BaseConnection.php(577): CodeIgniter\Database\BaseConnection->initialize()
#1 E:\xampp\htdocs\app_caffe_laila\system\Database\BaseBuilder.php(1455): CodeIgniter\Database\BaseConnection->query('SELECT *\nFROM `...', Array, false)
#2 E:\xampp\htdocs\app_caffe_laila\system\Model.php(210): CodeIgniter\Database\BaseBuilder->get()
#3 E:\xampp\htdocs\app_caffe_laila\system\BaseModel.php(622): CodeIgniter\Model->doFirst()
#4 E:\xampp\htdocs\app_caffe_laila\app\Controllers\UserController.php(70): CodeIgniter\BaseModel->first()
#5 E:\xampp\htdocs\app_caffe_laila\system\CodeIgniter.php(825): App\Controllers\UserController->login()
#6 E:\xampp\htdocs\app_caffe_laila\system\CodeIgniter.php(412): CodeIgniter\CodeIgniter->runController(Object(App\Controllers\UserController))
#7 E:\xampp\htdocs\app_caffe_laila\system\CodeIgniter.php(320): CodeIgniter\CodeIgniter->handleRequest(NULL, Object(Config\Cache), false)
#8 E:\xampp\htdocs\app_caffe_laila\public\index.php(37): CodeIgniter\CodeIgniter->run()
#9 E:\xampp\htdocs\app_caffe_laila\system\Commands\Server\rewrite.php(43): require_once('E:\\xampp\\htdocs...')
#10 {main}
ERROR - 2022-02-22 09:34:17 --> Error connecting to the database: No connection could be made because the target machine actively refused it.

CRITICAL - 2022-02-22 09:34:17 --> Unable to connect to the database.
Main connection [MySQLi]: No connection could be made because the target machine actively refused it.

#0 E:\xampp\htdocs\app_caffe_laila\system\Database\BaseConnection.php(577): CodeIgniter\Database\BaseConnection->initialize()
#1 E:\xampp\htdocs\app_caffe_laila\system\Database\BaseBuilder.php(1455): CodeIgniter\Database\BaseConnection->query('SELECT *\nFROM `...', Array, false)
#2 E:\xampp\htdocs\app_caffe_laila\system\Model.php(210): CodeIgniter\Database\BaseBuilder->get()
#3 E:\xampp\htdocs\app_caffe_laila\system\BaseModel.php(622): CodeIgniter\Model->doFirst()
#4 E:\xampp\htdocs\app_caffe_laila\app\Controllers\UserController.php(70): CodeIgniter\BaseModel->first()
#5 E:\xampp\htdocs\app_caffe_laila\system\CodeIgniter.php(825): App\Controllers\UserController->login()
#6 E:\xampp\htdocs\app_caffe_laila\system\CodeIgniter.php(412): CodeIgniter\CodeIgniter->runController(Object(App\Controllers\UserController))
#7 E:\xampp\htdocs\app_caffe_laila\system\CodeIgniter.php(320): CodeIgniter\CodeIgniter->handleRequest(NULL, Object(Config\Cache), false)
#8 E:\xampp\htdocs\app_caffe_laila\public\index.php(37): CodeIgniter\CodeIgniter->run()
#9 E:\xampp\htdocs\app_caffe_laila\system\Commands\Server\rewrite.php(43): require_once('E:\\xampp\\htdocs...')
#10 {main}
ERROR - 2022-02-22 09:34:38 --> Error connecting to the database: No connection could be made because the target machine actively refused it.

CRITICAL - 2022-02-22 09:34:38 --> Unable to connect to the database.
Main connection [MySQLi]: No connection could be made because the target machine actively refused it.

#0 E:\xampp\htdocs\app_caffe_laila\system\Database\BaseConnection.php(577): CodeIgniter\Database\BaseConnection->initialize()
#1 E:\xampp\htdocs\app_caffe_laila\system\Database\BaseBuilder.php(1455): CodeIgniter\Database\BaseConnection->query('SELECT *\nFROM `...', Array, false)
#2 E:\xampp\htdocs\app_caffe_laila\system\Model.php(210): CodeIgniter\Database\BaseBuilder->get()
#3 E:\xampp\htdocs\app_caffe_laila\system\BaseModel.php(622): CodeIgniter\Model->doFirst()
#4 E:\xampp\htdocs\app_caffe_laila\app\Controllers\UserController.php(70): CodeIgniter\BaseModel->first()
#5 E:\xampp\htdocs\app_caffe_laila\system\CodeIgniter.php(825): App\Controllers\UserController->login()
#6 E:\xampp\htdocs\app_caffe_laila\system\CodeIgniter.php(412): CodeIgniter\CodeIgniter->runController(Object(App\Controllers\UserController))
#7 E:\xampp\htdocs\app_caffe_laila\system\CodeIgniter.php(320): CodeIgniter\CodeIgniter->handleRequest(NULL, Object(Config\Cache), false)
#8 E:\xampp\htdocs\app_caffe_laila\public\index.php(37): CodeIgniter\CodeIgniter->run()
#9 E:\xampp\htdocs\app_caffe_laila\system\Commands\Server\rewrite.php(43): require_once('E:\\xampp\\htdocs...')
#10 {main}
ERROR - 2022-02-22 09:37:00 --> Error connecting to the database: No connection could be made because the target machine actively refused it.

CRITICAL - 2022-02-22 09:37:00 --> Unable to connect to the database.
Main connection [MySQLi]: No connection could be made because the target machine actively refused it.

#0 E:\xampp\htdocs\app_caffe_laila\system\Database\BaseConnection.php(577): CodeIgniter\Database\BaseConnection->initialize()
#1 E:\xampp\htdocs\app_caffe_laila\system\Database\BaseBuilder.php(1455): CodeIgniter\Database\BaseConnection->query('SELECT *\nFROM `...', Array, false)
#2 E:\xampp\htdocs\app_caffe_laila\system\Model.php(210): CodeIgniter\Database\BaseBuilder->get()
#3 E:\xampp\htdocs\app_caffe_laila\system\BaseModel.php(622): CodeIgniter\Model->doFirst()
#4 E:\xampp\htdocs\app_caffe_laila\app\Controllers\UserController.php(70): CodeIgniter\BaseModel->first()
#5 E:\xampp\htdocs\app_caffe_laila\system\CodeIgniter.php(825): App\Controllers\UserController->login()
#6 E:\xampp\htdocs\app_caffe_laila\system\CodeIgniter.php(412): CodeIgniter\CodeIgniter->runController(Object(App\Controllers\UserController))
#7 E:\xampp\htdocs\app_caffe_laila\system\CodeIgniter.php(320): CodeIgniter\CodeIgniter->handleRequest(NULL, Object(Config\Cache), false)
#8 E:\xampp\htdocs\app_caffe_laila\public\index.php(37): CodeIgniter\CodeIgniter->run()
#9 E:\xampp\htdocs\app_caffe_laila\system\Commands\Server\rewrite.php(43): require_once('E:\\xampp\\htdocs...')
#10 {main}
